#
# A fatal error has been detected by the Java Runtime Environment:
#
#  EXCEPTION_ACCESS_VIOLATION (0xc0000005) at pc=0x00007ffe55e4b661, pid=15080, tid=18248
#
# JRE version: OpenJDK Runtime Environment (24.0+36) (build 24+36-3646)
# Java VM: OpenJDK 64-Bit Server VM (24+36-3646, mixed mode, sharing, tiered, compressed oops, compressed class ptrs, g1 gc, windows-amd64)
# Problematic frame:
# C  [awt.dll+0xdb661]
#
# No core dump will be written. Minidumps are not enabled by default on client versions of Windows
#
# If you would like to submit a bug report, please visit:
#   https://bugreport.java.com/bugreport/crash.jsp
# The crash happened outside the Java Virtual Machine in native code.
# See problematic frame for where to report the bug.
#

---------------  S U M M A R Y ------------

Command Line: -javaagent:C:\Program Files\JetBrains\IntelliJ IDEA Community Edition 2024.3.5\lib\idea_rt.jar=50377 -Dfile.encoding=UTF-8 -Dsun.stdout.encoding=UTF-8 -Dsun.stderr.encoding=UTF-8 Main

Host: Intel(R) Core(TM) Ultra 5 125U, 14 cores, 15G,  Windows 11 , 64 bit Build 26100 (10.0.26100.3775)
Time: Wed Apr 23 10:34:46 2025 Mitteleuropäische Sommerzeit elapsed time: 375.137128 seconds (0d 0h 6m 15s)

---------------  T H R E A D  ---------------

Current thread (0x000001ba25741da0):  JavaThread "AWT-Windows" daemon [_thread_in_native, id=18248, stack(0x00000036f2a00000,0x00000036f2b00000) (1024K)]

Stack: [0x00000036f2a00000,0x00000036f2b00000],  sp=0x00000036f2afe910,  free space=1018k
Native frames: (J=compiled Java code, j=interpreted, Vv=VM code, C=native code)
C  [awt.dll+0xdb661]  (no source info available)
C  [awt.dll+0x975ac]  (no source info available)
C  [awt.dll+0x97656]  (no source info available)
C  [awt.dll+0x94a26]  (no source info available)
C  [awt.dll+0xdfa4c]  (no source info available)
C  [awt.dll+0xb0a7d]  (no source info available)
C  [awt.dll+0x97b8d]  (no source info available)
C  [USER32.dll+0xb643]  (no source info available)
C  [USER32.dll+0xaf5c]  (no source info available)
C  [awt.dll+0x161c3]  (no source info available)
C  [COMCTL32.dll+0x24d18]  (no source info available)
C  [COMCTL32.dll+0x24aef]  (no source info available)
C  [USER32.dll+0xb643]  (no source info available)
C  [USER32.dll+0x91cd]  (no source info available)
C  [awt.dll+0xd4cae]  (no source info available)
C  [awt.dll+0xd6aa2]  (no source info available)
C  0x000001b9cfbdce20  (no source info available)

The last pc belongs to native method entry point (kind = native) (printed below).
Java frames: (J=compiled Java code, j=interpreted, Vv=VM code)
j  sun.awt.windows.WToolkit.eventLoop()V+0 java.desktop@24
j  sun.awt.windows.WToolkit.run()V+56 java.desktop@24
j  java.lang.Thread.runWith(Ljava/lang/Object;Ljava/lang/Runnable;)V+5 java.base@24
j  java.lang.Thread.run()V+19 java.base@24
v  ~StubRoutines::call_stub 0x000001b9cfbd0fcd

siginfo: EXCEPTION_ACCESS_VIOLATION (0xc0000005), reading address 0x0000000000000008


Registers:
RAX=0x0000000000000000, RBX=0x000001ba253f0b20, RCX=0x0000000000000000, RDX=0x0000000000000000
RSP=0x00000036f2afe910, RBP=0x00000036f2afea19, RSI=0x00000000190111e2, RDI=0x0000000000000000
R8 =0x0000000000000001, R9 =0x00000036f108f000, R10=0x0000000000000000, R11=0x0000000000000246
R12=0x0000000000000000, R13=0x0000000000000310, R14=0x0000000000000000, R15=0x0000000000000000
RIP=0x00007ffe55e4b661, EFLAGS=0x0000000000010246

XMM[0]=0x0000000000000000 0x0000000000000000
XMM[1]=0x0000000000000000 0x0000000000000000
XMM[2]=0x0000000000000000 0x0000000000000000
XMM[3]=0x0000000000000000 0x0000000000000000
XMM[4]=0x0000000000000000 0x0000000000000000
XMM[5]=0x0000000000000000 0x0000000000000000
XMM[6]=0x0000000000000000 0x0000000000000000
XMM[7]=0x0000000000000000 0x0000000000000000
XMM[8]=0x0000000000000000 0x0000000000000000
XMM[9]=0x0000000000000000 0x0000000000000000
XMM[10]=0x0000000000000000 0x0000000000000000
XMM[11]=0x0000000000000000 0x0000000000000000
XMM[12]=0x0000000000000000 0x0000000000000000
XMM[13]=0x0000000000000000 0x0000000000000000
XMM[14]=0x0000000000000000 0x0000000000000000
XMM[15]=0x0000000000000000 0x0000000000000000
  MXCSR=0x00001fa0


Register to memory mapping:

RAX=0x0 is null
RBX=0x000001ba253f0b20 points into unknown readable memory: 0x000001ba25698990 | 90 89 69 25 ba 01 00 00
RCX=0x0 is null
RDX=0x0 is null
RSP=0x00000036f2afe910 is pointing into the stack for thread: 0x000001ba25741da0
RBP=0x00000036f2afea19 is pointing into the stack for thread: 0x000001ba25741da0
RSI=0x00000000190111e2 is an unknown value
RDI=0x0 is null
R8 =0x0000000000000001 is an unknown value
R9 =0x00000036f108f000 points into unknown readable memory: 0x0000000000000000 | 00 00 00 00 00 00 00 00
R10=0x0 is null
R11=0x0000000000000246 is an unknown value
R12=0x0 is null
R13=0x0000000000000310 is an unknown value
R14=0x0 is null
R15=0x0 is null

Top of Stack: (sp=0x00000036f2afe910)
0x00000036f2afe910:   00007ffe55ea7838 00000000190111e2   8x.U............
0x00000036f2afe920:   0000000000000000 0000000000000000   ................
0x00000036f2afe930:   0000000000000000 00007ffe55e075ac   .........u.U....
0x00000036f2afe940:   00000000190111e2 000001ba25872520   ........ %.%....
0x00000036f2afe950:   000001ba253f0b20 00000036f2afec88    .?%........6...
0x00000036f2afe960:   0000000000000000 00007ffe55e07656   ........Vv.U....
0x00000036f2afe970:   000001ba25872520 00007ffe55d70000    %.%.......U....
0x00000036f2afe980:   00000036f2afea78 00007fff24654d18   x...6....Me$....
0x00000036f2afe990:   0000000000000000 00007ffe55e04a26   ........&J.U....
0x00000036f2afe9a0:   000001ba25872520 0000000000000000    %.%............
0x00000036f2afe9b0:   00007ffe55e07b30 00007fff3a6da05e   0{.U....^.m:....
0x00000036f2afe9c0:   0000000000000000 00007fff386627a9   .........'f8....
0x00000036f2afe9d0:   00000036f2afea70 0000000000000001   p...6...........
0x00000036f2afe9e0:   0000000000000000 00000036f2afea78   ........x...6...
0x00000036f2afe9f0:   0000000000000000 0000000000000000   ................
0x00000036f2afea00:   0000000000000000 000001ba25742168   ........h!t%....
0x00000036f2afea10:   000001ba258725c0 0000000000000000   .%.%............
0x00000036f2afea20:   0000000000000000 000062c2de291fca   ..........)..b..
0x00000036f2afea30:   0000000000000000 0000000000000000   ................
0x00000036f2afea40:   0000000000000000 0000000000000000   ................
0x00000036f2afea50:   0000000000000000 0000000000000310   ................
0x00000036f2afea60:   0000000000000000 000001ba25872520   ........ %.%....
0x00000036f2afea70:   000001ba25872520 00007ffe55e4fa4c    %.%....L..U....
0x00000036f2afea80:   0000000000000000 000060cfbb436dae   .........mC..`..
0x00000036f2afea90:   0000ed957051536c 000000000000c3a8   lSQp............
0x00000036f2afeaa0:   0000000000000001 0000000000000022   ........".......
0x00000036f2afeab0:   0000000000000000 00007fff3862b706   ..........b8....
0x00000036f2afeac0:   0000000000000022 00000000000b008c   "...............
0x00000036f2afead0:   000000000000c3a8 00007fff3a6b909f   ..........k:....
0x00000036f2afeae0:   00000000000b008c 00007fff386488ea   ..........d8....
0x00000036f2afeaf0:   ffffffffffffffeb 000062c2de291cea   ..........)..b..
0x00000036f2afeb00:   000001b9be781670 0000000000000000   p.x.............

Instructions: (pc=0x00007ffe55e4b661)
  0x00007ffe55e4b561:   83 ec 28 66 0f 6e c2 0f 5b c0 f3 0f 59 41 48 0f
  0x00007ffe55e4b571:   5a c8 f2 0f 10 05 fd 35 03 00 f2 0f 5c 0d 85 36
  0x00007ffe55e4b581:   01 00 66 0f 2f c1 76 0a b8 00 00 00 80 48 83 c4
  0x00007ffe55e4b591:   28 c3 66 0f 2f 0d 05 80 02 00 76 0a b8 ff ff ff
  0x00007ffe55e4b5a1:   7f 48 83 c4 28 c3 0f 28 c1 e8 9f fb 00 00 f2 0f
  0x00007ffe55e4b5b1:   2c c0 48 83 c4 28 c3 cc cc cc cc cc cc cc cc 48
  0x00007ffe55e4b5c1:   83 ec 28 66 0f 6e c2 0f 5b c0 f3 0f 59 41 4c 0f
  0x00007ffe55e4b5d1:   5a c8 f2 0f 10 05 9d 35 03 00 f2 0f 5c 0d 25 36
  0x00007ffe55e4b5e1:   01 00 66 0f 2f c1 76 0a b8 00 00 00 80 48 83 c4
  0x00007ffe55e4b5f1:   28 c3 66 0f 2f 0d a5 7f 02 00 76 0a b8 ff ff ff
  0x00007ffe55e4b601:   7f 48 83 c4 28 c3 0f 28 c1 e8 3f fb 00 00 f2 0f
  0x00007ffe55e4b611:   2c c0 48 83 c4 28 c3 cc cc cc cc cc cc cc cc 48
  0x00007ffe55e4b621:   8b 49 08 48 85 c9 0f 85 93 81 fe ff 33 c0 c3 48
  0x00007ffe55e4b631:   89 5c 24 08 48 89 74 24 10 57 48 83 ec 20 8b fa
  0x00007ffe55e4b641:   48 8b f1 e8 57 c6 f4 ff 48 8b d8 48 89 44 24 40
  0x00007ffe55e4b651:   41 b8 01 00 00 00 8b d7 48 8b c8 e8 bf c5 f4 ff
=>0x00007ffe55e4b661:   48 8b 48 08 48 85 c9 74 0d 48 8b d6 e8 4e 81 fe
  0x00007ffe55e4b671:   ff 48 8b f8 eb 02 33 ff 48 8b cb e8 df c7 f4 ff
  0x00007ffe55e4b681:   90 48 8b c7 48 8b 5c 24 30 48 8b 74 24 38 48 83
  0x00007ffe55e4b691:   c4 20 5f c3 cc cc cc cc cc cc cc cc cc cc cc 48
  0x00007ffe55e4b6a1:   8b 01 89 10 c3 cc cc cc cc cc cc cc cc cc cc 40
  0x00007ffe55e4b6b1:   57 48 83 ec 40 48 83 79 38 00 48 8b f9 0f 84 96
  0x00007ffe55e4b6c1:   01 00 00 48 8b 0d 25 87 06 00 ba 02 00 01 00 48
  0x00007ffe55e4b6d1:   89 5c 24 58 48 89 74 24 68 e8 50 c5 00 00 4c 8b
  0x00007ffe55e4b6e1:   05 52 8c 06 00 48 8b c8 48 8b 57 38 48 8b d8 4c
  0x00007ffe55e4b6f1:   8b 08 41 ff 91 f8 02 00 00 48 8b f0 48 85 c0 0f
  0x00007ffe55e4b701:   84 4a 01 00 00 4c 8b 0b 48 8b d0 4c 8b 05 15 8c
  0x00007ffe55e4b711:   06 00 48 8b cb 41 ff 91 00 01 00 00 84 c0 0f 84
  0x00007ffe55e4b721:   2b 01 00 00 48 8b 7f 08 48 8b d6 48 8b 03 48 8b
  0x00007ffe55e4b731:   cb 4c 8b 05 07 8c 06 00 48 81 c7 00 04 00 00 48
  0x00007ffe55e4b741:   89 6c 24 60 4c 89 64 24 38 ff 90 f8 02 00 00 4c
  0x00007ffe55e4b751:   8b 0b 48 8b d6 4c 8b 05 eb 8b 06 00 48 8b cb 4c


Stack slot to memory mapping:

stack at sp + 0 slots: 0x00007ffe55ea7838 awt.dll
stack at sp + 1 slots: 0x00000000190111e2 is an unknown value
stack at sp + 2 slots: 0x0 is null
stack at sp + 3 slots: 0x0 is null
stack at sp + 4 slots: 0x0 is null
stack at sp + 5 slots: 0x00007ffe55e075ac awt.dll
stack at sp + 6 slots: 0x00000000190111e2 is an unknown value
stack at sp + 7 slots: 0x000001ba25872520 points into unknown readable memory: 0x00007ffe55e7a860 | 60 a8 e7 55 fe 7f 00 00

Lock stack of current Java thread (top to bottom):

native method entry point (kind = native)  [0x000001b9cfbdca40, 0x000001b9cfbdd478]  2616 bytes
[MachCode]
  0x000001b9cfbdca40: 488b 4b08 | 0fb7 492e | 584c 8d74 | ccf8 6800 | 0000 0068 | 0000 0000 | 5055 488b | ec41 5568 
  0x000001b9cfbdca60: 0000 0000 | 4c8b 6b08 | 4d8d 6d38 | 5348 8b53 | 0848 8b52 | 0848 8b52 | 1848 8b52 | 7048 8b12 
  0x000001b9cfbdca80: 5248 8b53 | 1048 85d2 | 0f84 0700 | 0000 4881 | c208 0100 | 0052 488b | 5308 488b | 5208 488b 
  0x000001b9cfbdcaa0: 5210 5249 | 8bc6 482b | c548 c1e8 | 0350 6800 | 0000 0068 | f7ff ffff | 41c6 8771 | 0400 0001 
  0x000001b9cfbdcac0: 488b 4310 | 4885 c074 | 208b 88cc | 0000 0083 | c102 8988 | cc00 0000 | 2388 e000 | 0000 0f84 
  0x000001b9cfbdcae0: e408 0000 | e9cd 0000 | 0048 8b43 | 1848 85c0 | 0f85 b000 | 0000 e805 | 0000 00e9 | 9900 0000 
  0x000001b9cfbdcb00: 488b d348 | 8d44 2408 | 4c89 6dc0 | 498b cfc5 | f877 4989 | afb8 0300 | 0049 8987 | a803 0000 
  0x000001b9cfbdcb20: 4883 ec20 | 40f6 c40f | 0f84 1900 | 0000 4883 | ec08 48b8 | 0031 3056 | fe7f 0000 | ffd0 4883 
  0x000001b9cfbdcb40: c408 e90c | 0000 0048 | b800 3130 | 56fe 7f00 | 00ff d048 | 83c4 2049 | c787 a803 | 0000 0000 
  0x000001b9cfbdcb60: 0000 49c7 | 87b8 0300 | 0000 0000 | 0049 c787 | b003 0000 | 0000 0000 | c5f8 7749 | 837f 0800 
  0x000001b9cfbdcb80: 0f84 0500 | 0000 e935 | 43ff ff4c | 8b6d c04c | 8b75 c84e | 8d74 f500 | c348 8b43 | 1848 85c0 
  0x000001b9cfbdcba0: 0f84 1000 | 0000 8b08 | 83c1 0289 | 0823 4814 | 0f84 1208 | 0000 493b | a7f0 0400 | 000f 8748 
  0x000001b9cfbdcbc0: 0000 0089 | 8424 00f0 | ffff 8984 | 2400 e0ff | ff89 8424 | 00d0 ffff | 8984 2400 | c0ff ff89 
  0x000001b9cfbdcbe0: 8424 00b0 | ffff 8984 | 2400 a0ff | ff89 8424 | 0090 ffff | 8984 2400 | 80ff ff49 | 3ba7 e804 
  0x000001b9cfbdcc00: 0000 7607 | 4989 a7f0 | 0400 0041 | c687 7104 | 0000 0048 | 8b5d e84c | 8b5b 0845 | 0fb7 5b2e 
  0x000001b9cfbdcc20: 41c1 e303 | 492b e348 | 83ec 2048 | 83e4 f04c | 8b5b 604d | 85db 0f85 | ab00 0000 | e805 0000 
  0x000001b9cfbdcc40: 00e9 9900 | 0000 488b | d348 8d44 | 2408 4c89 | 6dc0 498b | cfc5 f877 | 4989 afb8 | 0300 0049 
  0x000001b9cfbdcc60: 8987 a803 | 0000 4883 | ec20 40f6 | c40f 0f84 | 1900 0000 | 4883 ec08 | 48b8 405b | 3056 fe7f 
  0x000001b9cfbdcc80: 0000 ffd0 | 4883 c408 | e90c 0000 | 0048 b840 | 5b30 56fe | 7f00 00ff | d048 83c4 | 2049 c787 
  0x000001b9cfbdcca0: a803 0000 | 0000 0000 | 49c7 87b8 | 0300 0000 | 0000 0049 | c787 b003 | 0000 0000 | 0000 c5f8 
  0x000001b9cfbdccc0: 7749 837f | 0800 0f84 | 0500 0000 | e9ef 41ff | ff4c 8b6d | c04c 8b75 | c84e 8d74 | f500 c348 
  0x000001b9cfbdcce0: 8b5d e84c | 8b5b 6041 | ffd3 488b | 5de8 4889 | 4518 448b | 5b28 41f6 | c308 0f84 | 1b00 0000 
  0x000001b9cfbdcd00: 4c8b 5b08 | 4d8b 5b08 | 4d8b 5b18 | 4d8b 5b70 | 4d8b 1b4c | 895d 1048 | 8d55 1048 | 8b43 5849 
  0x000001b9cfbdcd20: bad0 7169 | 56fe 7f00 | 0049 3bc2 | 0f85 ab00 | 0000 e805 | 0000 00e9 | 9900 0000 | 488b d348 
  0x000001b9cfbdcd40: 8d44 2408 | 4c89 6dc0 | 498b cfc5 | f877 4989 | afb8 0300 | 0049 8987 | a803 0000 | 4883 ec20 
  0x000001b9cfbdcd60: 40f6 c40f | 0f84 1900 | 0000 4883 | ec08 48b8 | 405b 3056 | fe7f 0000 | ffd0 4883 | c408 e90c 
  0x000001b9cfbdcd80: 0000 0048 | b840 5b30 | 56fe 7f00 | 00ff d048 | 83c4 2049 | c787 a803 | 0000 0000 | 0000 49c7 
  0x000001b9cfbdcda0: 87b8 0300 | 0000 0000 | 0049 c787 | b003 0000 | 0000 0000 | c5f8 7749 | 837f 0800 | 0f84 0500 
  0x000001b9cfbdcdc0: 0000 e9f9 | 40ff ff4c | 8b6d c04c | 8b75 c84e | 8d74 f500 | c348 8b5d | e848 8b43 | 5849 8d8f 
  0x000001b9cfbdcde0: c803 0000 | 4c8d 15d5 | 0000 004d | 8997 b003 | 0000 c5f8 | 7749 89af | b803 0000 | 4989 a7a8 
  0x000001b9cfbdce00: 0300 0041 | c787 5404 | 0000 0400 | 0000 493b | a748 0500 | 0076 0749 | 89a7 4805 | 0000 ffd0 
  0x000001b9cfbdce20: 493b a748 | 0500 0072 | 0b49 c787 | 4805 0000 | 0000 0000 | c5f8 7748 | 83ec 10c5 | fb11 0424 
  0x000001b9cfbdce40: 4883 ec10 | 4889 0424 | 48c7 4424 | 0800 0000 | 0041 c787 | 5404 0000 | 0500 0000 | f083 4424 
  0x000001b9cfbdce60: c000 493b | 6f28 0f87 | 0e00 0000 | 4183 bf50 | 0400 0000 | 0f84 2000 | 0000 498b | cf4c 8be4 
  0x000001b9cfbdce80: 4883 ec20 | 4883 e4f0 | 48b8 c0ba | 3156 fe7f | 0000 ffd0 | 498b e44d | 33e4 41c7 | 8754 0400 
  0x000001b9cfbdcea0: 0008 0000 | 004d 8b97 | 7005 0000 | 4983 fa00 | 7435 49c7 | 8770 0500 | 0000 0000 | 0041 ffe2 
  0x000001b9cfbdcec0: 49ba 00bb | bdcf b901 | 0000 41ff | d248 83ec | 10c5 fb11 | 0424 4883 | ec10 4889 | 0424 48c7 
  0x000001b9cfbdcee0: 4424 0800 | 0000 0049 | c787 a803 | 0000 0000 | 0000 49c7 | 87b8 0300 | 0000 0000 | 0049 c787 
  0x000001b9cfbdcf00: b003 0000 | 0000 0000 | c5f8 774d | 8b9f 3804 | 0000 41c7 | 8300 0100 | 0000 0000 | 0049 bb3a 
  0x000001b9cfbdcf20: a4bd cfb9 | 0100 004c | 3b5d 180f | 8555 0100 | 0048 8b04 | 2448 83c4 | 1048 85c0 | 0f84 2f01 
  0x000001b9cfbdcf40: 0000 a803 | 0f85 0800 | 0000 488b | 00e9 1f01 | 0000 a801 | 0f85 0900 | 0000 488b | 40fe e90e 
  0x000001b9cfbdcf60: 0100 0048 | 8b40 ff41 | 807f 4800 | 0f84 ff00 | 0000 4883 | f800 0f84 | f500 0000 | 4d8b 5f38 
  0x000001b9cfbdcf80: 4d85 db0f | 8414 0000 | 0049 83eb | 084d 895f | 384d 035f | 4049 8903 | e9d4 0000 | 0048 83ec 
  0x000001b9cfbdcfa0: 7048 8904 | 2448 894c | 2408 4889 | 5424 104c | 8944 2418 | 4c89 4c24 | 204c 8954 | 2428 4c89 
  0x000001b9cfbdcfc0: 5c24 30c5 | fb11 4424 | 40c5 fb11 | 4c24 48c5 | fb11 5424 | 50c5 fb11 | 5c24 58c5 | fb11 6424 
  0x000001b9cfbdcfe0: 60c5 fb11 | 6c24 6849 | 8bd7 488b | c848 83ec | 2040 f6c4 | 0f0f 8419 | 0000 0048 | 83ec 0848 
  0x000001b9cfbdd000: b830 4a24 | 56fe 7f00 | 00ff d048 | 83c4 08e9 | 0c00 0000 | 48b8 304a | 2456 fe7f | 0000 ffd0 
  0x000001b9cfbdd020: 4883 c420 | c5fb 106c | 2468 c5fb | 1064 2460 | c5fb 105c | 2458 c5fb | 1054 2450 | c5fb 104c 
  0x000001b9cfbdd040: 2448 c5fb | 1044 2440 | 4c8b 5c24 | 304c 8b54 | 2428 4c8b | 4c24 204c | 8b44 2418 | 488b 5424 
  0x000001b9cfbdd060: 1048 8b4c | 2408 488b | 0424 4883 | c470 c5f8 | 7748 8945 | 1048 83ec | 1048 8904 | 2448 c744 
  0x000001b9cfbdd080: 2408 0000 | 0000 4183 | bfd0 0400 | 0002 0f85 | bf00 0000 | 4881 ec80 | 0000 0048 | 8944 2478 
  0x000001b9cfbdd0a0: 4889 4c24 | 7048 8954 | 2468 4889 | 5c24 6048 | 896c 2450 | 4889 7424 | 4848 897c | 2440 4c89 
  0x000001b9cfbdd0c0: 4424 384c | 894c 2430 | 4c89 5424 | 284c 895c | 2420 4c89 | 6424 184c | 896c 2410 | 4c89 7424 
  0x000001b9cfbdd0e0: 084c 893c | 244c 8be4 | 4883 ec20 | 4883 e4f0 | 48b8 6058 | 6956 fe7f | 0000 ffd0 | 498b e44c 
  0x000001b9cfbdd100: 8b3c 244c | 8b74 2408 | 4c8b 6c24 | 104c 8b64 | 2418 4c8b | 5c24 204c | 8b54 2428 | 4c8b 4c24 
  0x000001b9cfbdd120: 304c 8b44 | 2438 488b | 7c24 4048 | 8b74 2448 | 488b 6c24 | 5048 8b5c | 2460 488b | 5424 6848 
  0x000001b9cfbdd140: 8b4c 2470 | 488b 4424 | 7848 81c4 | 8000 0000 | 4d33 e448 | 8b5d e84c | 8b6b 084d | 8d6d 3849 
  0x000001b9cfbdd160: 837f 0800 | 0f84 bb00 | 0000 e805 | 0000 00e9 | 9600 0000 | 488d 4424 | 084c 896d | c049 8bcf 
  0x000001b9cfbdd180: c5f8 7749 | 89af b803 | 0000 4989 | 87a8 0300 | 0048 83ec | 2040 f6c4 | 0f0f 8419 | 0000 0048 
  0x000001b9cfbdd1a0: 83ec 0848 | b8e0 7930 | 56fe 7f00 | 00ff d048 | 83c4 08e9 | 0c00 0000 | 48b8 e079 | 3056 fe7f 
  0x000001b9cfbdd1c0: 0000 ffd0 | 4883 c420 | 49c7 87a8 | 0300 0000 | 0000 0049 | c787 b803 | 0000 0000 | 0000 49c7 
  0x000001b9cfbdd1e0: 87b0 0300 | 0000 0000 | 00c5 f877 | 4983 7f08 | 000f 8405 | 0000 00e9 | c43c ffff | 4c8b 6dc0 
  0x000001b9cfbdd200: 4c8b 75c8 | 4e8d 74f5 | 00c3 48b9 | f8eb 8f56 | fe7f 0000 | 4883 e4f0 | 48b8 b0a9 | 5656 fe7f 
  0x000001b9cfbdd220: 0000 ffd0 | f444 8b5b | 2841 f6c3 | 200f 8472 | 0100 0048 | 8d55 a84c | 8b5a 084d | 85db 0f85 
  0x000001b9cfbdd240: bb00 0000 | e805 0000 | 00e9 9600 | 0000 488d | 4424 084c | 896d c049 | 8bcf c5f8 | 7749 89af 
  0x000001b9cfbdd260: b803 0000 | 4989 87a8 | 0300 0048 | 83ec 2040 | f6c4 0f0f | 8419 0000 | 0048 83ec | 0848 b810 
  0x000001b9cfbdd280: 7930 56fe | 7f00 00ff | d048 83c4 | 08e9 0c00 | 0000 48b8 | 1079 3056 | fe7f 0000 | ffd0 4883 
  0x000001b9cfbdd2a0: c420 49c7 | 87a8 0300 | 0000 0000 | 0049 c787 | b803 0000 | 0000 0000 | 49c7 87b0 | 0300 0000 
  0x000001b9cfbdd2c0: 0000 00c5 | f877 4983 | 7f08 000f | 8405 0000 | 00e9 ea3b | ffff 4c8b | 6dc0 4c8b | 75c8 4e8d 
  0x000001b9cfbdd2e0: 74f5 00c3 | 48b9 f8eb | 8f56 fe7f | 0000 4883 | e4f0 48b8 | b0a9 5656 | fe7f 0000 | ffd0 f44c 
  0x000001b9cfbdd300: 896d c04c | 8b4a 0848 | c742 0800 | 0000 0045 | 8b87 5806 | 0000 4f3b | 4c07 f80f | 8542 0000 
  0x000001b9cfbdd320: 0041 83af | 5806 0000 | 084f 3b4c | 07f0 0f84 | 2a00 0000 | 498b 01a8 | 020f 8512 | 0000 004c 
  0x000001b9cfbdd340: 8bc0 4983 | c801 f04d | 0fb1 010f | 840d 0000 | 0041 8387 | 5806 0000 | 08e9 0500 | 0000 e93e 
  0x000001b9cfbdd360: 0000 004c | 894a 0848 | 8bca 4883 | ec20 40f6 | c40f 0f84 | 1900 0000 | 4883 ec08 | 48b8 304b 
  0x000001b9cfbdd380: 3056 fe7f | 0000 ffd0 | 4883 c408 | e90c 0000 | 0048 b830 | 4b30 56fe | 7f00 00ff | d048 83c4 
  0x000001b9cfbdd3a0: 204c 8b6d | c048 8b04 | 2448 83c4 | 10c5 fb10 | 0424 4883 | c410 4c8b | 5d18 41ff | d34c 8b5d 
  0x000001b9cfbdd3c0: f8c9 5f49 | 8be3 ffe7 | ba00 0000 | 00e8 0500 | 0000 e996 | 0000 0048 | 8d44 2408 | 4c89 6dc0 
  0x000001b9cfbdd3e0: 498b cfc5 | f877 4989 | afb8 0300 | 0049 8987 | a803 0000 | 4883 ec20 | 40f6 c40f | 0f84 1900 
  0x000001b9cfbdd400: 0000 4883 | ec08 48b8 | d03f 3056 | fe7f 0000 | ffd0 4883 | c408 e90c | 0000 0048 | b8d0 3f30 
  0x000001b9cfbdd420: 56fe 7f00 | 00ff d048 | 83c4 2049 | c787 a803 | 0000 0000 | 0000 49c7 | 87b8 0300 | 0000 0000 
  0x000001b9cfbdd440: 0049 c787 | b003 0000 | 0000 0000 | c5f8 7749 | 837f 0800 | 0f84 0500 | 0000 e961 | 3aff ff4c 
  0x000001b9cfbdd460: 8b6d c04c | 8b75 c84e | 8d74 f500 | c348 8b5d | e8e9 40f7 | ffff 6690 
[/MachCode]

---------------  P R O C E S S  ---------------

Threads class SMR info:
_java_thread_list=0x000001ba27bd1330, length=17, elements={
0x000001b9dff13fc0, 0x000001b9dff14700, 0x000001b9dff1b3c0, 0x000001b9dff1be90,
0x000001b9dff221f0, 0x000001b9dff235d0, 0x000001b9dff3a2d0, 0x000001b9dff401d0,
0x000001ba250a5e70, 0x000001ba251e8460, 0x000001ba251e8ba0, 0x000001ba25741660,
0x000001ba254b74b0, 0x000001ba25741da0, 0x000001ba25894100, 0x000001ba25a5fe10,
0x000001b9bfb258f0
}

Java Threads: ( => current thread )
  0x000001b9dff13fc0 JavaThread "Reference Handler"          daemon [_thread_blocked, id=11956, stack(0x00000036f1d00000,0x00000036f1e00000) (1024K)]
  0x000001b9dff14700 JavaThread "Finalizer"                  daemon [_thread_blocked, id=18168, stack(0x00000036f1e00000,0x00000036f1f00000) (1024K)]
  0x000001b9dff1b3c0 JavaThread "Signal Dispatcher"          daemon [_thread_blocked, id=16636, stack(0x00000036f1f00000,0x00000036f2000000) (1024K)]
  0x000001b9dff1be90 JavaThread "Attach Listener"            daemon [_thread_blocked, id=1528, stack(0x00000036f2000000,0x00000036f2100000) (1024K)]
  0x000001b9dff221f0 JavaThread "Service Thread"             daemon [_thread_blocked, id=19992, stack(0x00000036f2100000,0x00000036f2200000) (1024K)]
  0x000001b9dff235d0 JavaThread "Monitor Deflation Thread"   daemon [_thread_blocked, id=22176, stack(0x00000036f2200000,0x00000036f2300000) (1024K)]
  0x000001b9dff3a2d0 JavaThread "C2 CompilerThread0"         daemon [_thread_blocked, id=22052, stack(0x00000036f2300000,0x00000036f2400000) (1024K)]
  0x000001b9dff401d0 JavaThread "C1 CompilerThread0"         daemon [_thread_blocked, id=11628, stack(0x00000036f2400000,0x00000036f2500000) (1024K)]
  0x000001ba250a5e70 JavaThread "Common-Cleaner"             daemon [_thread_blocked, id=22516, stack(0x00000036f2500000,0x00000036f2600000) (1024K)]
  0x000001ba251e8460 JavaThread "Monitor Ctrl-Break"         daemon [_thread_in_native, id=9364, stack(0x00000036f2600000,0x00000036f2700000) (1024K)]
  0x000001ba251e8ba0 JavaThread "Notification Thread"        daemon [_thread_blocked, id=16940, stack(0x00000036f2700000,0x00000036f2800000) (1024K)]
  0x000001ba25741660 JavaThread "Java2D Disposer"            daemon [_thread_blocked, id=16756, stack(0x00000036f2800000,0x00000036f2900000) (1024K)]
  0x000001ba254b74b0 JavaThread "AWT-Shutdown"                      [_thread_blocked, id=3984, stack(0x00000036f2900000,0x00000036f2a00000) (1024K)]
=>0x000001ba25741da0 JavaThread "AWT-Windows"                daemon [_thread_in_native, id=18248, stack(0x00000036f2a00000,0x00000036f2b00000) (1024K)]
  0x000001ba25894100 JavaThread "AWT-EventQueue-0"                  [_thread_in_native, id=21500, stack(0x00000036f2b00000,0x00000036f2c00000) (1024K)]
  0x000001ba25a5fe10 JavaThread "TimerQueue"                 daemon [_thread_blocked, id=20508, stack(0x00000036f2f00000,0x00000036f3000000) (1024K)]
  0x000001b9bfb258f0 JavaThread "DestroyJavaVM"                     [_thread_blocked, id=22484, stack(0x00000036f1500000,0x00000036f1600000) (1024K)]
Total: 17

Other Threads:
  0x000001b9dff03210 VMThread "VM Thread"                           [id=21116, stack(0x00000036f1c00000,0x00000036f1d00000) (1024K)]
  0x000001b9dfdcd460 WatcherThread "VM Periodic Task Thread"        [id=1952, stack(0x00000036f1b00000,0x00000036f1c00000) (1024K)]
  0x000001b9bfb8c8b0 WorkerThread "GC Thread#0"                     [id=22440, stack(0x00000036f1600000,0x00000036f1700000) (1024K)]
  0x000001ba25b3e5c0 WorkerThread "GC Thread#1"                     [id=6072, stack(0x00000036f2c00000,0x00000036f2d00000) (1024K)]
  0x000001ba25b3e970 WorkerThread "GC Thread#2"                     [id=13576, stack(0x00000036f2e00000,0x00000036f2f00000) (1024K)]
  0x000001ba27b7d340 WorkerThread "GC Thread#3"                     [id=17372, stack(0x00000036f3000000,0x00000036f3100000) (1024K)]
  0x000001ba27b7d6f0 WorkerThread "GC Thread#4"                     [id=20988, stack(0x00000036f3100000,0x00000036f3200000) (1024K)]
  0x000001ba27b7daa0 WorkerThread "GC Thread#5"                     [id=5388, stack(0x00000036f3200000,0x00000036f3300000) (1024K)]
  0x000001ba25a91a30 WorkerThread "GC Thread#6"                     [id=14612, stack(0x00000036f3300000,0x00000036f3400000) (1024K)]
  0x000001ba25a94290 WorkerThread "GC Thread#7"                     [id=5124, stack(0x00000036f3400000,0x00000036f3500000) (1024K)]
  0x000001ba25a99c70 WorkerThread "GC Thread#8"                     [id=21624, stack(0x00000036f3500000,0x00000036f3600000) (1024K)]
  0x000001ba25a99510 WorkerThread "GC Thread#9"                     [id=21708, stack(0x00000036f3600000,0x00000036f3700000) (1024K)]
  0x000001ba25a9a020 WorkerThread "GC Thread#10"                    [id=14328, stack(0x00000036f3700000,0x00000036f3800000) (1024K)]
  0x000001b9bfba2270 ConcurrentGCThread "G1 Main Marker"            [id=12952, stack(0x00000036f1700000,0x00000036f1800000) (1024K)]
  0x000001b9bfba3bd0 WorkerThread "G1 Conc#0"                       [id=22396, stack(0x00000036f1800000,0x00000036f1900000) (1024K)]
  0x000001b9dfdc1100 ConcurrentGCThread "G1 Refine#0"               [id=16916, stack(0x00000036f1900000,0x00000036f1a00000) (1024K)]
  0x000001b9dfdc3550 ConcurrentGCThread "G1 Service"                [id=9348, stack(0x00000036f1a00000,0x00000036f1b00000) (1024K)]
Total: 17

Threads with active compile tasks:
Total: 0

VM state: not at safepoint (normal execution)

VM Mutex/Monitor currently owned by a thread: None

Heap address: 0x000000070bc00000, size: 3908 MB, Compressed Oops mode: Zero based, Oop shift amount: 3

CDS archive(s) mapped at: [0x000001b9e0000000-0x000001b9e0d40000-0x000001b9e0d40000), size 13893632, SharedBaseAddress: 0x000001b9e0000000, ArchiveRelocationMode: 1.
Compressed class space mapped at: 0x000001b9e1000000-0x000001ba21000000, reserved size: 1073741824
UseCompressedClassPointers 1, UseCompactObjectHeaders 0
Narrow klass pointer bits 32, Max shift 3
Narrow klass base: 0x000001b9e0000000, Narrow klass shift: 0
Encoding Range: [0x000001b9e0000000 - 0x000001bae0000000), (4294967296 bytes)
Klass Range:    [0x000001b9e0000000 - 0x000001ba21000000), (1090519040 bytes)
Klass ID Range:  [8 - 1090519033) (1090519025)

GC Precious Log:
 CardTable entry size: 512
 Card Set container configuration: InlinePtr #cards 4 size 8 Array Of Cards #cards 16 size 48 Howl #buckets 8 coarsen threshold 3686 Howl Bitmap #cards 512 size 80 coarsen threshold 460 Card regions per heap region 1 cards per card region 4096
 CPUs: 14 total, 14 available
 Memory: 15624M
 Large Page Support: Disabled
 NUMA Support: Disabled
 Compressed Oops: Enabled (Zero based)
 Heap Region Size: 2M
 Heap Min Capacity: 8M
 Heap Initial Capacity: 246M
 Heap Max Capacity: 3908M
 Pre-touch: Disabled
 Parallel Workers: 11
 Concurrent Workers: 3
 Concurrent Refinement Workers: 11
 Periodic GC: Disabled

Heap:
 garbage-first heap   total reserved 4001792K, committed 253952K, used 46415K [0x000000070bc00000, 0x0000000800000000)
  region size 2048K, 17 young (34816K), 1 survivors (2048K)
 Metaspace       used 13821K, committed 14080K, reserved 1114112K
  class space    used 1140K, committed 1280K, reserved 1048576K

Heap Regions: E=young(eden), S=young(survivor), O=old, HS=humongous(starts), HC=humongous(continues), CS=collection set, F=free, TAMS=top-at-mark-start, PB=parsable bottom
|   0|0x000000070bc00000, 0x000000070be00000, 0x000000070be00000|100%| O|  |TAMS 0x000000070bc00000| PB 0x000000070bc00000| Untracked |  0
|   1|0x000000070be00000, 0x000000070bf6e2d8, 0x000000070c000000| 71%| O|  |TAMS 0x000000070be00000| PB 0x000000070be00000| Untracked |  0
|   2|0x000000070c000000, 0x000000070c000000, 0x000000070c200000|  0%| F|  |TAMS 0x000000070c000000| PB 0x000000070c000000| Untracked |  0
|   3|0x000000070c200000, 0x000000070c200000, 0x000000070c400000|  0%| F|  |TAMS 0x000000070c200000| PB 0x000000070c200000| Untracked |  0
|   4|0x000000070c400000, 0x000000070c400000, 0x000000070c600000|  0%| F|  |TAMS 0x000000070c400000| PB 0x000000070c400000| Untracked |  0
|   5|0x000000070c600000, 0x000000070c600000, 0x000000070c800000|  0%| F|  |TAMS 0x000000070c600000| PB 0x000000070c600000| Untracked |  0
|   6|0x000000070c800000, 0x000000070c800000, 0x000000070ca00000|  0%| F|  |TAMS 0x000000070c800000| PB 0x000000070c800000| Untracked |  0
|   7|0x000000070ca00000, 0x000000070ca00000, 0x000000070cc00000|  0%| F|  |TAMS 0x000000070ca00000| PB 0x000000070ca00000| Untracked |  0
|   8|0x000000070cc00000, 0x000000070cc00000, 0x000000070ce00000|  0%| F|  |TAMS 0x000000070cc00000| PB 0x000000070cc00000| Untracked |  0
|   9|0x000000070ce00000, 0x000000070ce00000, 0x000000070d000000|  0%| F|  |TAMS 0x000000070ce00000| PB 0x000000070ce00000| Untracked |  0
|  10|0x000000070d000000, 0x000000070d000000, 0x000000070d200000|  0%| F|  |TAMS 0x000000070d000000| PB 0x000000070d000000| Untracked |  0
|  11|0x000000070d200000, 0x000000070d200000, 0x000000070d400000|  0%| F|  |TAMS 0x000000070d200000| PB 0x000000070d200000| Untracked |  0
|  12|0x000000070d400000, 0x000000070d400000, 0x000000070d600000|  0%| F|  |TAMS 0x000000070d400000| PB 0x000000070d400000| Untracked |  0
|  13|0x000000070d600000, 0x000000070d600000, 0x000000070d800000|  0%| F|  |TAMS 0x000000070d600000| PB 0x000000070d600000| Untracked |  0
|  14|0x000000070d800000, 0x000000070d800000, 0x000000070da00000|  0%| F|  |TAMS 0x000000070d800000| PB 0x000000070d800000| Untracked |  0
|  15|0x000000070da00000, 0x000000070da00000, 0x000000070dc00000|  0%| F|  |TAMS 0x000000070da00000| PB 0x000000070da00000| Untracked |  0
|  16|0x000000070dc00000, 0x000000070dc00000, 0x000000070de00000|  0%| F|  |TAMS 0x000000070dc00000| PB 0x000000070dc00000| Untracked |  0
|  17|0x000000070de00000, 0x000000070de00000, 0x000000070e000000|  0%| F|  |TAMS 0x000000070de00000| PB 0x000000070de00000| Untracked |  0
|  18|0x000000070e000000, 0x000000070e200000, 0x000000070e200000|100%|HS|  |TAMS 0x000000070e000000| PB 0x000000070e000000| Complete |  0
|  19|0x000000070e200000, 0x000000070e400000, 0x000000070e400000|100%|HC|  |TAMS 0x000000070e200000| PB 0x000000070e200000| Complete |  0
|  20|0x000000070e400000, 0x000000070e600000, 0x000000070e600000|100%|HC|  |TAMS 0x000000070e400000| PB 0x000000070e400000| Complete |  0
|  21|0x000000070e600000, 0x000000070e800000, 0x000000070e800000|100%|HC|  |TAMS 0x000000070e600000| PB 0x000000070e600000| Complete |  0
|  22|0x000000070e800000, 0x000000070ea00000, 0x000000070ea00000|100%|HC|  |TAMS 0x000000070e800000| PB 0x000000070e800000| Complete |  0
|  23|0x000000070ea00000, 0x000000070ea00000, 0x000000070ec00000|  0%| F|  |TAMS 0x000000070ea00000| PB 0x000000070ea00000| Untracked |  0
|  24|0x000000070ec00000, 0x000000070ec00000, 0x000000070ee00000|  0%| F|  |TAMS 0x000000070ec00000| PB 0x000000070ec00000| Untracked |  0
|  25|0x000000070ee00000, 0x000000070ee00000, 0x000000070f000000|  0%| F|  |TAMS 0x000000070ee00000| PB 0x000000070ee00000| Untracked |  0
|  26|0x000000070f000000, 0x000000070f000000, 0x000000070f200000|  0%| F|  |TAMS 0x000000070f000000| PB 0x000000070f000000| Untracked |  0
|  27|0x000000070f200000, 0x000000070f200000, 0x000000070f400000|  0%| F|  |TAMS 0x000000070f200000| PB 0x000000070f200000| Untracked |  0
|  28|0x000000070f400000, 0x000000070f400000, 0x000000070f600000|  0%| F|  |TAMS 0x000000070f400000| PB 0x000000070f400000| Untracked |  0
|  29|0x000000070f600000, 0x000000070f600000, 0x000000070f800000|  0%| F|  |TAMS 0x000000070f600000| PB 0x000000070f600000| Untracked |  0
|  30|0x000000070f800000, 0x000000070f800000, 0x000000070fa00000|  0%| F|  |TAMS 0x000000070f800000| PB 0x000000070f800000| Untracked |  0
|  31|0x000000070fa00000, 0x000000070fa00000, 0x000000070fc00000|  0%| F|  |TAMS 0x000000070fa00000| PB 0x000000070fa00000| Untracked |  0
|  32|0x000000070fc00000, 0x000000070fc00000, 0x000000070fe00000|  0%| F|  |TAMS 0x000000070fc00000| PB 0x000000070fc00000| Untracked |  0
|  33|0x000000070fe00000, 0x000000070fe00000, 0x0000000710000000|  0%| F|  |TAMS 0x000000070fe00000| PB 0x000000070fe00000| Untracked |  0
|  34|0x0000000710000000, 0x0000000710000000, 0x0000000710200000|  0%| F|  |TAMS 0x0000000710000000| PB 0x0000000710000000| Untracked |  0
|  35|0x0000000710200000, 0x0000000710200000, 0x0000000710400000|  0%| F|  |TAMS 0x0000000710200000| PB 0x0000000710200000| Untracked |  0
|  36|0x0000000710400000, 0x0000000710400000, 0x0000000710600000|  0%| F|  |TAMS 0x0000000710400000| PB 0x0000000710400000| Untracked |  0
|  37|0x0000000710600000, 0x0000000710600000, 0x0000000710800000|  0%| F|  |TAMS 0x0000000710600000| PB 0x0000000710600000| Untracked |  0
|  38|0x0000000710800000, 0x0000000710800000, 0x0000000710a00000|  0%| F|  |TAMS 0x0000000710800000| PB 0x0000000710800000| Untracked |  0
|  39|0x0000000710a00000, 0x0000000710a00000, 0x0000000710c00000|  0%| F|  |TAMS 0x0000000710a00000| PB 0x0000000710a00000| Untracked |  0
|  40|0x0000000710c00000, 0x0000000710c00000, 0x0000000710e00000|  0%| F|  |TAMS 0x0000000710c00000| PB 0x0000000710c00000| Untracked |  0
|  41|0x0000000710e00000, 0x0000000710e00000, 0x0000000711000000|  0%| F|  |TAMS 0x0000000710e00000| PB 0x0000000710e00000| Untracked |  0
|  42|0x0000000711000000, 0x0000000711000000, 0x0000000711200000|  0%| F|  |TAMS 0x0000000711000000| PB 0x0000000711000000| Untracked |  0
|  43|0x0000000711200000, 0x0000000711200000, 0x0000000711400000|  0%| F|  |TAMS 0x0000000711200000| PB 0x0000000711200000| Untracked |  0
|  44|0x0000000711400000, 0x0000000711400000, 0x0000000711600000|  0%| F|  |TAMS 0x0000000711400000| PB 0x0000000711400000| Untracked |  0
|  45|0x0000000711600000, 0x0000000711600000, 0x0000000711800000|  0%| F|  |TAMS 0x0000000711600000| PB 0x0000000711600000| Untracked |  0
|  46|0x0000000711800000, 0x0000000711800000, 0x0000000711a00000|  0%| F|  |TAMS 0x0000000711800000| PB 0x0000000711800000| Untracked |  0
|  47|0x0000000711a00000, 0x0000000711a00000, 0x0000000711c00000|  0%| F|  |TAMS 0x0000000711a00000| PB 0x0000000711a00000| Untracked |  0
|  48|0x0000000711c00000, 0x0000000711c00000, 0x0000000711e00000|  0%| F|  |TAMS 0x0000000711c00000| PB 0x0000000711c00000| Untracked |  0
|  49|0x0000000711e00000, 0x0000000711ec9878, 0x0000000712000000| 39%| S|CS|TAMS 0x0000000711e00000| PB 0x0000000711e00000| Complete |  0
|  50|0x0000000712000000, 0x0000000712000000, 0x0000000712200000|  0%| F|  |TAMS 0x0000000712000000| PB 0x0000000712000000| Untracked |  0
|  51|0x0000000712200000, 0x0000000712200000, 0x0000000712400000|  0%| F|  |TAMS 0x0000000712200000| PB 0x0000000712200000| Untracked |  0
|  52|0x0000000712400000, 0x0000000712400000, 0x0000000712600000|  0%| F|  |TAMS 0x0000000712400000| PB 0x0000000712400000| Untracked |  0
|  53|0x0000000712600000, 0x0000000712600000, 0x0000000712800000|  0%| F|  |TAMS 0x0000000712600000| PB 0x0000000712600000| Untracked |  0
|  54|0x0000000712800000, 0x0000000712800000, 0x0000000712a00000|  0%| F|  |TAMS 0x0000000712800000| PB 0x0000000712800000| Untracked |  0
|  55|0x0000000712a00000, 0x0000000712a00000, 0x0000000712c00000|  0%| F|  |TAMS 0x0000000712a00000| PB 0x0000000712a00000| Untracked |  0
|  56|0x0000000712c00000, 0x0000000712c00000, 0x0000000712e00000|  0%| F|  |TAMS 0x0000000712c00000| PB 0x0000000712c00000| Untracked |  0
|  57|0x0000000712e00000, 0x0000000712e00000, 0x0000000713000000|  0%| F|  |TAMS 0x0000000712e00000| PB 0x0000000712e00000| Untracked |  0
|  58|0x0000000713000000, 0x0000000713000000, 0x0000000713200000|  0%| F|  |TAMS 0x0000000713000000| PB 0x0000000713000000| Untracked |  0
|  59|0x0000000713200000, 0x0000000713200000, 0x0000000713400000|  0%| F|  |TAMS 0x0000000713200000| PB 0x0000000713200000| Untracked |  0
|  60|0x0000000713400000, 0x0000000713400000, 0x0000000713600000|  0%| F|  |TAMS 0x0000000713400000| PB 0x0000000713400000| Untracked |  0
|  61|0x0000000713600000, 0x0000000713600000, 0x0000000713800000|  0%| F|  |TAMS 0x0000000713600000| PB 0x0000000713600000| Untracked |  0
|  62|0x0000000713800000, 0x0000000713800000, 0x0000000713a00000|  0%| F|  |TAMS 0x0000000713800000| PB 0x0000000713800000| Untracked |  0
|  63|0x0000000713a00000, 0x0000000713a00000, 0x0000000713c00000|  0%| F|  |TAMS 0x0000000713a00000| PB 0x0000000713a00000| Untracked |  0
|  64|0x0000000713c00000, 0x0000000713c00000, 0x0000000713e00000|  0%| F|  |TAMS 0x0000000713c00000| PB 0x0000000713c00000| Untracked |  0
|  65|0x0000000713e00000, 0x0000000713e00000, 0x0000000714000000|  0%| F|  |TAMS 0x0000000713e00000| PB 0x0000000713e00000| Untracked |  0
|  66|0x0000000714000000, 0x0000000714000000, 0x0000000714200000|  0%| F|  |TAMS 0x0000000714000000| PB 0x0000000714000000| Untracked |  0
|  67|0x0000000714200000, 0x0000000714200000, 0x0000000714400000|  0%| F|  |TAMS 0x0000000714200000| PB 0x0000000714200000| Untracked |  0
|  68|0x0000000714400000, 0x0000000714400000, 0x0000000714600000|  0%| F|  |TAMS 0x0000000714400000| PB 0x0000000714400000| Untracked |  0
|  69|0x0000000714600000, 0x0000000714600000, 0x0000000714800000|  0%| F|  |TAMS 0x0000000714600000| PB 0x0000000714600000| Untracked |  0
|  70|0x0000000714800000, 0x0000000714800000, 0x0000000714a00000|  0%| F|  |TAMS 0x0000000714800000| PB 0x0000000714800000| Untracked |  0
|  71|0x0000000714a00000, 0x0000000714a00000, 0x0000000714c00000|  0%| F|  |TAMS 0x0000000714a00000| PB 0x0000000714a00000| Untracked |  0
|  72|0x0000000714c00000, 0x0000000714c00000, 0x0000000714e00000|  0%| F|  |TAMS 0x0000000714c00000| PB 0x0000000714c00000| Untracked |  0
|  73|0x0000000714e00000, 0x0000000714e00000, 0x0000000715000000|  0%| F|  |TAMS 0x0000000714e00000| PB 0x0000000714e00000| Untracked |  0
|  74|0x0000000715000000, 0x0000000715000000, 0x0000000715200000|  0%| F|  |TAMS 0x0000000715000000| PB 0x0000000715000000| Untracked |  0
|  75|0x0000000715200000, 0x0000000715200000, 0x0000000715400000|  0%| F|  |TAMS 0x0000000715200000| PB 0x0000000715200000| Untracked |  0
|  76|0x0000000715400000, 0x0000000715400000, 0x0000000715600000|  0%| F|  |TAMS 0x0000000715400000| PB 0x0000000715400000| Untracked |  0
|  77|0x0000000715600000, 0x0000000715600000, 0x0000000715800000|  0%| F|  |TAMS 0x0000000715600000| PB 0x0000000715600000| Untracked |  0
|  78|0x0000000715800000, 0x0000000715800000, 0x0000000715a00000|  0%| F|  |TAMS 0x0000000715800000| PB 0x0000000715800000| Untracked |  0
|  79|0x0000000715a00000, 0x0000000715a00000, 0x0000000715c00000|  0%| F|  |TAMS 0x0000000715a00000| PB 0x0000000715a00000| Untracked |  0
|  80|0x0000000715c00000, 0x0000000715c00000, 0x0000000715e00000|  0%| F|  |TAMS 0x0000000715c00000| PB 0x0000000715c00000| Untracked |  0
|  81|0x0000000715e00000, 0x0000000715e00000, 0x0000000716000000|  0%| F|  |TAMS 0x0000000715e00000| PB 0x0000000715e00000| Untracked |  0
|  82|0x0000000716000000, 0x0000000716000000, 0x0000000716200000|  0%| F|  |TAMS 0x0000000716000000| PB 0x0000000716000000| Untracked |  0
|  83|0x0000000716200000, 0x0000000716200000, 0x0000000716400000|  0%| F|  |TAMS 0x0000000716200000| PB 0x0000000716200000| Untracked |  0
|  84|0x0000000716400000, 0x0000000716400000, 0x0000000716600000|  0%| F|  |TAMS 0x0000000716400000| PB 0x0000000716400000| Untracked |  0
|  85|0x0000000716600000, 0x0000000716600000, 0x0000000716800000|  0%| F|  |TAMS 0x0000000716600000| PB 0x0000000716600000| Untracked |  0
|  86|0x0000000716800000, 0x0000000716800000, 0x0000000716a00000|  0%| F|  |TAMS 0x0000000716800000| PB 0x0000000716800000| Untracked |  0
|  87|0x0000000716a00000, 0x0000000716a00000, 0x0000000716c00000|  0%| F|  |TAMS 0x0000000716a00000| PB 0x0000000716a00000| Untracked |  0
|  88|0x0000000716c00000, 0x0000000716c00000, 0x0000000716e00000|  0%| F|  |TAMS 0x0000000716c00000| PB 0x0000000716c00000| Untracked |  0
|  89|0x0000000716e00000, 0x0000000716e00000, 0x0000000717000000|  0%| F|  |TAMS 0x0000000716e00000| PB 0x0000000716e00000| Untracked |  0
|  90|0x0000000717000000, 0x0000000717000000, 0x0000000717200000|  0%| F|  |TAMS 0x0000000717000000| PB 0x0000000717000000| Untracked |  0
|  91|0x0000000717200000, 0x0000000717200000, 0x0000000717400000|  0%| F|  |TAMS 0x0000000717200000| PB 0x0000000717200000| Untracked |  0
|  92|0x0000000717400000, 0x0000000717400000, 0x0000000717600000|  0%| F|  |TAMS 0x0000000717400000| PB 0x0000000717400000| Untracked |  0
|  93|0x0000000717600000, 0x0000000717600000, 0x0000000717800000|  0%| F|  |TAMS 0x0000000717600000| PB 0x0000000717600000| Untracked |  0
|  94|0x0000000717800000, 0x0000000717800000, 0x0000000717a00000|  0%| F|  |TAMS 0x0000000717800000| PB 0x0000000717800000| Untracked |  0
|  95|0x0000000717a00000, 0x0000000717a00000, 0x0000000717c00000|  0%| F|  |TAMS 0x0000000717a00000| PB 0x0000000717a00000| Untracked |  0
|  96|0x0000000717c00000, 0x0000000717c00000, 0x0000000717e00000|  0%| F|  |TAMS 0x0000000717c00000| PB 0x0000000717c00000| Untracked |  0
|  97|0x0000000717e00000, 0x0000000717e00000, 0x0000000718000000|  0%| F|  |TAMS 0x0000000717e00000| PB 0x0000000717e00000| Untracked |  0
|  98|0x0000000718000000, 0x0000000718000000, 0x0000000718200000|  0%| F|  |TAMS 0x0000000718000000| PB 0x0000000718000000| Untracked |  0
|  99|0x0000000718200000, 0x0000000718200000, 0x0000000718400000|  0%| F|  |TAMS 0x0000000718200000| PB 0x0000000718200000| Untracked |  0
| 100|0x0000000718400000, 0x0000000718400000, 0x0000000718600000|  0%| F|  |TAMS 0x0000000718400000| PB 0x0000000718400000| Untracked |  0
| 101|0x0000000718600000, 0x0000000718600000, 0x0000000718800000|  0%| F|  |TAMS 0x0000000718600000| PB 0x0000000718600000| Untracked |  0
| 102|0x0000000718800000, 0x0000000718800000, 0x0000000718a00000|  0%| F|  |TAMS 0x0000000718800000| PB 0x0000000718800000| Untracked |  0
| 103|0x0000000718a00000, 0x0000000718a00000, 0x0000000718c00000|  0%| F|  |TAMS 0x0000000718a00000| PB 0x0000000718a00000| Untracked |  0
| 104|0x0000000718c00000, 0x0000000718c00000, 0x0000000718e00000|  0%| F|  |TAMS 0x0000000718c00000| PB 0x0000000718c00000| Untracked |  0
| 105|0x0000000718e00000, 0x0000000718e00000, 0x0000000719000000|  0%| F|  |TAMS 0x0000000718e00000| PB 0x0000000718e00000| Untracked |  0
| 106|0x0000000719000000, 0x0000000719000000, 0x0000000719200000|  0%| F|  |TAMS 0x0000000719000000| PB 0x0000000719000000| Untracked |  0
| 107|0x0000000719200000, 0x0000000719400000, 0x0000000719400000|100%| E|  |TAMS 0x0000000719200000| PB 0x0000000719200000| Complete |  0
| 108|0x0000000719400000, 0x0000000719600000, 0x0000000719600000|100%| E|CS|TAMS 0x0000000719400000| PB 0x0000000719400000| Complete |  0
| 109|0x0000000719600000, 0x0000000719800000, 0x0000000719800000|100%| E|CS|TAMS 0x0000000719600000| PB 0x0000000719600000| Complete |  0
| 110|0x0000000719800000, 0x0000000719a00000, 0x0000000719a00000|100%| E|CS|TAMS 0x0000000719800000| PB 0x0000000719800000| Complete |  0
| 111|0x0000000719a00000, 0x0000000719c00000, 0x0000000719c00000|100%| E|CS|TAMS 0x0000000719a00000| PB 0x0000000719a00000| Complete |  0
| 112|0x0000000719c00000, 0x0000000719e00000, 0x0000000719e00000|100%| E|CS|TAMS 0x0000000719c00000| PB 0x0000000719c00000| Complete |  0
| 113|0x0000000719e00000, 0x000000071a000000, 0x000000071a000000|100%| E|CS|TAMS 0x0000000719e00000| PB 0x0000000719e00000| Complete |  0
| 114|0x000000071a000000, 0x000000071a200000, 0x000000071a200000|100%| E|CS|TAMS 0x000000071a000000| PB 0x000000071a000000| Complete |  0
| 115|0x000000071a200000, 0x000000071a400000, 0x000000071a400000|100%| E|CS|TAMS 0x000000071a200000| PB 0x000000071a200000| Complete |  0
| 116|0x000000071a400000, 0x000000071a600000, 0x000000071a600000|100%| E|CS|TAMS 0x000000071a400000| PB 0x000000071a400000| Complete |  0
| 117|0x000000071a600000, 0x000000071a800000, 0x000000071a800000|100%| E|CS|TAMS 0x000000071a600000| PB 0x000000071a600000| Complete |  0
| 118|0x000000071a800000, 0x000000071aa00000, 0x000000071aa00000|100%| E|CS|TAMS 0x000000071a800000| PB 0x000000071a800000| Complete |  0
| 119|0x000000071aa00000, 0x000000071ac00000, 0x000000071ac00000|100%| E|CS|TAMS 0x000000071aa00000| PB 0x000000071aa00000| Complete |  0
| 120|0x000000071ac00000, 0x000000071ae00000, 0x000000071ae00000|100%| E|CS|TAMS 0x000000071ac00000| PB 0x000000071ac00000| Complete |  0
| 121|0x000000071ae00000, 0x000000071b000000, 0x000000071b000000|100%| E|CS|TAMS 0x000000071ae00000| PB 0x000000071ae00000| Complete |  0
| 122|0x000000071b000000, 0x000000071b200000, 0x000000071b200000|100%| E|CS|TAMS 0x000000071b000000| PB 0x000000071b000000| Complete |  0
|1953|0x00000007ffe00000, 0x00000007fff1c348, 0x0000000800000000| 55%| O|  |TAMS 0x00000007ffe00000| PB 0x00000007ffe00000| Untracked |  0

Card table byte_map: [0x000001b9d8bf0000,0x000001b9d93a0000] _byte_map_base: 0x000001b9d5392000

Marking Bits: (CMBitMap*) 0x000001b9bfb8dfd0
 Bits: [0x000001b9d93a0000, 0x000001b9dd0b0000)

Polling page: 0x000001b9be290000

Metaspace:

Usage:
  Non-class:     12.38 MB used.
      Class:      1.11 MB used.
       Both:     13.50 MB used.

Virtual space:
  Non-class space:       64.00 MB reserved,      12.50 MB ( 20%) committed,  1 nodes.
      Class space:        1.00 GB reserved,       1.25 MB ( <1%) committed,  1 nodes.
             Both:        1.06 GB reserved,      13.75 MB (  1%) committed. 

Chunk freelists:
   Non-Class:  2.99 MB
       Class:  14.73 MB
        Both:  17.72 MB

MaxMetaspaceSize: unlimited
CompressedClassSpaceSize: 1.00 GB
Initial GC threshold: 21.00 MB
Current GC threshold: 21.00 MB
CDS: on
 - commit_granule_bytes: 65536.
 - commit_granule_words: 8192.
 - virtual_space_node_default_size: 8388608.
 - enlarge_chunks_in_place: 1.
UseCompressedClassPointers 1, UseCompactObjectHeaders 0
Narrow klass pointer bits 32, Max shift 3
Narrow klass base: 0x000001b9e0000000, Narrow klass shift: 0
Encoding Range: [0x000001b9e0000000 - 0x000001bae0000000), (4294967296 bytes)
Klass Range:    [0x000001b9e0000000 - 0x000001ba21000000), (1090519040 bytes)
Klass ID Range:  [8 - 1090519033) (1090519025)


Internal statistics:

num_allocs_failed_limit: 0.
num_arena_births: 140.
num_arena_deaths: 0.
num_vsnodes_births: 2.
num_vsnodes_deaths: 0.
num_space_committed: 220.
num_space_uncommitted: 0.
num_chunks_returned_to_freelist: 0.
num_chunks_taken_from_freelist: 204.
num_chunk_merges: 0.
num_chunk_splits: 120.
num_chunks_enlarged: 67.
num_inconsistent_stats: 0.

CodeHeap 'non-profiled nmethods': size=120064Kb used=3911Kb max_used=3911Kb free=116153Kb
 bounds [0x000001b9d0160000, 0x000001b9d0540000, 0x000001b9d76a0000]
CodeHeap 'profiled nmethods': size=120000Kb used=7542Kb max_used=7542Kb free=112457Kb
 bounds [0x000001b9c86a0000, 0x000001b9c8e00000, 0x000001b9cfbd0000]
CodeHeap 'non-nmethods': size=5696Kb used=1554Kb max_used=1698Kb free=4141Kb
 bounds [0x000001b9cfbd0000, 0x000001b9cfe40000, 0x000001b9d0160000]
CodeCache: size=245760Kb, used=13007Kb, max_used=13151Kb, free=232751Kb
 total_blobs=5338, nmethods=4608, adapters=633, full_count=0
Compilation: enabled, stopped_count=0, restarted_count=0

Compilation events (20 events):
Event: 356.212 Thread 0x000001b9dff3a2d0 4599   !   4       java.awt.KeyboardFocusManager::retargetFocusEvent (244 bytes)
Event: 356.231 Thread 0x000001b9dff3a2d0 nmethod 4599 0x000001b9d0524a88 code [0x000001b9d0524ce0, 0x000001b9d0526518]
Event: 359.406 Thread 0x000001b9dff401d0 4600       3       javax.swing.MultiUIDefaults::get (72 bytes)
Event: 359.407 Thread 0x000001b9dff401d0 nmethod 4600 0x000001b9c8df8a08 code [0x000001b9c8df8b80, 0x000001b9c8df9060]
Event: 361.309 Thread 0x000001b9dff401d0 4601       3       sun.util.locale.LocaleUtils::toUpperString (95 bytes)
Event: 361.311 Thread 0x000001b9dff401d0 nmethod 4601 0x000001b9c8df9088 code [0x000001b9c8df92e0, 0x000001b9c8dfa648]
Event: 363.980 Thread 0x000001b9dff3a2d0 4602       4       java.util.AbstractCollection::addAll (42 bytes)
Event: 363.987 Thread 0x000001b9dff3a2d0 nmethod 4602 0x000001b9d0526688 code [0x000001b9d05267c0, 0x000001b9d0526a18]
Event: 367.421 Thread 0x000001b9dff3a2d0 4603   !   4       java.awt.KeyboardFocusManager::getGlobalFocusOwner (16 bytes)
Event: 367.422 Thread 0x000001b9dff3a2d0 nmethod 4603 0x000001b9d0526b08 code [0x000001b9d0526c20, 0x000001b9d0526e28]
Event: 368.218 Thread 0x000001b9dff3a2d0 4604   !   4       javax.swing.RepaintManager$PaintManager::paintDoubleBufferedFPScales (460 bytes)
Event: 368.390 Thread 0x000001b9dff3a2d0 nmethod 4604 0x000001b9d0526e88 code [0x000001b9d0527580, 0x000001b9d05315b0]
Event: 368.652 Thread 0x000001b9dff401d0 4605       3       java.awt.Component::getLocale (36 bytes)
Event: 368.652 Thread 0x000001b9dff401d0 nmethod 4605 0x000001b9c8dfa708 code [0x000001b9c8dfa840, 0x000001b9c8dfab20]
Event: 368.652 Thread 0x000001b9dff401d0 4606       3       javax.swing.UIManager::get (9 bytes)
Event: 368.652 Thread 0x000001b9dff401d0 nmethod 4606 0x000001b9c8dfab88 code [0x000001b9c8dface0, 0x000001b9c8dfaef0]
Event: 372.549 Thread 0x000001b9dff3a2d0 4607       4       java.util.HashMap::newHashMap (44 bytes)
Event: 372.551 Thread 0x000001b9dff3a2d0 nmethod 4607 0x000001b9d0531888 code [0x000001b9d05319c0, 0x000001b9d0531b60]
Event: 373.259 Thread 0x000001b9dff401d0 4608       3       jdk.internal.math.FloatingDecimal$BinaryToASCIIBuffer::dtoa (1509 bytes)
Event: 373.263 Thread 0x000001b9dff401d0 nmethod 4608 0x000001b9c8dfaf88 code [0x000001b9c8dfb380, 0x000001b9c8dfd7b8]

GC Heap History (20 events):
Event: 286.302 GC heap before
{Heap before GC invocations=30 (full 0):
 garbage-first heap   total reserved 4001792K, committed 253952K, used 163104K [0x000000070bc00000, 0x0000000800000000)
  region size 2048K, 73 young (149504K), 1 survivors (2048K)
 Metaspace       used 13779K, committed 14080K, reserved 1114112K
  class space    used 1139K, committed 1280K, reserved 1048576K
}
Event: 286.306 GC heap after
{Heap after GC invocations=31 (full 0):
 garbage-first heap   total reserved 4001792K, committed 253952K, used 15666K [0x000000070bc00000, 0x0000000800000000)
  region size 2048K, 1 young (2048K), 1 survivors (2048K)
 Metaspace       used 13779K, committed 14080K, reserved 1114112K
  class space    used 1139K, committed 1280K, reserved 1048576K
}
Event: 295.796 GC heap before
{Heap before GC invocations=31 (full 0):
 garbage-first heap   total reserved 4001792K, committed 253952K, used 163122K [0x000000070bc00000, 0x0000000800000000)
  region size 2048K, 73 young (149504K), 1 survivors (2048K)
 Metaspace       used 13783K, committed 14080K, reserved 1114112K
  class space    used 1139K, committed 1280K, reserved 1048576K
}
Event: 295.799 GC heap after
{Heap after GC invocations=32 (full 0):
 garbage-first heap   total reserved 4001792K, committed 253952K, used 15630K [0x000000070bc00000, 0x0000000800000000)
  region size 2048K, 1 young (2048K), 1 survivors (2048K)
 Metaspace       used 13783K, committed 14080K, reserved 1114112K
  class space    used 1139K, committed 1280K, reserved 1048576K
}
Event: 305.482 GC heap before
{Heap before GC invocations=32 (full 0):
 garbage-first heap   total reserved 4001792K, committed 253952K, used 163086K [0x000000070bc00000, 0x0000000800000000)
  region size 2048K, 73 young (149504K), 1 survivors (2048K)
 Metaspace       used 13783K, committed 14080K, reserved 1114112K
  class space    used 1139K, committed 1280K, reserved 1048576K
}
Event: 305.485 GC heap after
{Heap after GC invocations=33 (full 0):
 garbage-first heap   total reserved 4001792K, committed 253952K, used 15637K [0x000000070bc00000, 0x0000000800000000)
  region size 2048K, 1 young (2048K), 1 survivors (2048K)
 Metaspace       used 13783K, committed 14080K, reserved 1114112K
  class space    used 1139K, committed 1280K, reserved 1048576K
}
Event: 315.152 GC heap before
{Heap before GC invocations=33 (full 0):
 garbage-first heap   total reserved 4001792K, committed 253952K, used 163093K [0x000000070bc00000, 0x0000000800000000)
  region size 2048K, 73 young (149504K), 1 survivors (2048K)
 Metaspace       used 13783K, committed 14080K, reserved 1114112K
  class space    used 1139K, committed 1280K, reserved 1048576K
}
Event: 315.157 GC heap after
{Heap after GC invocations=34 (full 0):
 garbage-first heap   total reserved 4001792K, committed 253952K, used 15678K [0x000000070bc00000, 0x0000000800000000)
  region size 2048K, 1 young (2048K), 1 survivors (2048K)
 Metaspace       used 13783K, committed 14080K, reserved 1114112K
  class space    used 1139K, committed 1280K, reserved 1048576K
}
Event: 324.842 GC heap before
{Heap before GC invocations=34 (full 0):
 garbage-first heap   total reserved 4001792K, committed 253952K, used 163134K [0x000000070bc00000, 0x0000000800000000)
  region size 2048K, 73 young (149504K), 1 survivors (2048K)
 Metaspace       used 13816K, committed 14080K, reserved 1114112K
  class space    used 1139K, committed 1280K, reserved 1048576K
}
Event: 324.846 GC heap after
{Heap after GC invocations=35 (full 0):
 garbage-first heap   total reserved 4001792K, committed 253952K, used 15670K [0x000000070bc00000, 0x0000000800000000)
  region size 2048K, 1 young (2048K), 1 survivors (2048K)
 Metaspace       used 13816K, committed 14080K, reserved 1114112K
  class space    used 1139K, committed 1280K, reserved 1048576K
}
Event: 334.431 GC heap before
{Heap before GC invocations=35 (full 0):
 garbage-first heap   total reserved 4001792K, committed 253952K, used 163126K [0x000000070bc00000, 0x0000000800000000)
  region size 2048K, 73 young (149504K), 1 survivors (2048K)
 Metaspace       used 13817K, committed 14080K, reserved 1114112K
  class space    used 1139K, committed 1280K, reserved 1048576K
}
Event: 334.435 GC heap after
{Heap after GC invocations=36 (full 0):
 garbage-first heap   total reserved 4001792K, committed 253952K, used 15673K [0x000000070bc00000, 0x0000000800000000)
  region size 2048K, 1 young (2048K), 1 survivors (2048K)
 Metaspace       used 13817K, committed 14080K, reserved 1114112K
  class space    used 1139K, committed 1280K, reserved 1048576K
}
Event: 344.207 GC heap before
{Heap before GC invocations=36 (full 0):
 garbage-first heap   total reserved 4001792K, committed 253952K, used 163129K [0x000000070bc00000, 0x0000000800000000)
  region size 2048K, 73 young (149504K), 1 survivors (2048K)
 Metaspace       used 13817K, committed 14080K, reserved 1114112K
  class space    used 1139K, committed 1280K, reserved 1048576K
}
Event: 344.210 GC heap after
{Heap after GC invocations=37 (full 0):
 garbage-first heap   total reserved 4001792K, committed 253952K, used 15647K [0x000000070bc00000, 0x0000000800000000)
  region size 2048K, 1 young (2048K), 1 survivors (2048K)
 Metaspace       used 13817K, committed 14080K, reserved 1114112K
  class space    used 1139K, committed 1280K, reserved 1048576K
}
Event: 353.798 GC heap before
{Heap before GC invocations=37 (full 0):
 garbage-first heap   total reserved 4001792K, committed 253952K, used 163103K [0x000000070bc00000, 0x0000000800000000)
  region size 2048K, 73 young (149504K), 1 survivors (2048K)
 Metaspace       used 13818K, committed 14080K, reserved 1114112K
  class space    used 1139K, committed 1280K, reserved 1048576K
}
Event: 353.802 GC heap after
{Heap after GC invocations=38 (full 0):
 garbage-first heap   total reserved 4001792K, committed 253952K, used 15683K [0x000000070bc00000, 0x0000000800000000)
  region size 2048K, 1 young (2048K), 1 survivors (2048K)
 Metaspace       used 13818K, committed 14080K, reserved 1114112K
  class space    used 1139K, committed 1280K, reserved 1048576K
}
Event: 363.279 GC heap before
{Heap before GC invocations=38 (full 0):
 garbage-first heap   total reserved 4001792K, committed 253952K, used 163139K [0x000000070bc00000, 0x0000000800000000)
  region size 2048K, 73 young (149504K), 1 survivors (2048K)
 Metaspace       used 13819K, committed 14080K, reserved 1114112K
  class space    used 1139K, committed 1280K, reserved 1048576K
}
Event: 363.285 GC heap after
{Heap after GC invocations=39 (full 0):
 garbage-first heap   total reserved 4001792K, committed 253952K, used 15720K [0x000000070bc00000, 0x0000000800000000)
  region size 2048K, 1 young (2048K), 1 survivors (2048K)
 Metaspace       used 13819K, committed 14080K, reserved 1114112K
  class space    used 1139K, committed 1280K, reserved 1048576K
}
Event: 372.955 GC heap before
{Heap before GC invocations=39 (full 0):
 garbage-first heap   total reserved 4001792K, committed 253952K, used 163176K [0x000000070bc00000, 0x0000000800000000)
  region size 2048K, 73 young (149504K), 1 survivors (2048K)
 Metaspace       used 13820K, committed 14080K, reserved 1114112K
  class space    used 1139K, committed 1280K, reserved 1048576K
}
Event: 372.959 GC heap after
{Heap after GC invocations=40 (full 0):
 garbage-first heap   total reserved 4001792K, committed 253952K, used 15695K [0x000000070bc00000, 0x0000000800000000)
  region size 2048K, 1 young (2048K), 1 survivors (2048K)
 Metaspace       used 13820K, committed 14080K, reserved 1114112K
  class space    used 1139K, committed 1280K, reserved 1048576K
}

Dll operation events (12 events):
Event: 0.021 Loaded shared library C:\Users\finn.broedner\.jdks\openjdk-24\bin\java.dll
Event: 0.061 Loaded shared library C:\Users\finn.broedner\.jdks\openjdk-24\bin\jsvml.dll
Event: 0.104 Loaded shared library C:\Users\finn.broedner\.jdks\openjdk-24\bin\zip.dll
Event: 0.108 Loaded shared library C:\Users\finn.broedner\.jdks\openjdk-24\bin\instrument.dll
Event: 0.116 Loaded shared library C:\Users\finn.broedner\.jdks\openjdk-24\bin\net.dll
Event: 0.119 Loaded shared library C:\Users\finn.broedner\.jdks\openjdk-24\bin\nio.dll
Event: 0.125 Loaded shared library C:\Users\finn.broedner\.jdks\openjdk-24\bin\zip.dll
Event: 0.157 Loaded shared library C:\Users\finn.broedner\.jdks\openjdk-24\bin\extnet.dll
Event: 0.177 Loaded shared library C:\Users\finn.broedner\.jdks\openjdk-24\bin\jimage.dll
Event: 0.199 Loaded shared library C:\Users\finn.broedner\.jdks\openjdk-24\bin\awt.dll
Event: 0.527 Loaded shared library C:\Users\finn.broedner\.jdks\openjdk-24\bin\freetype.dll
Event: 0.531 Loaded shared library C:\Users\finn.broedner\.jdks\openjdk-24\bin\fontmanager.dll

Deoptimization events (20 events):
Event: 370.637 Thread 0x000001ba25894100 Uncommon trap: trap_request=0xffffff45 fr.pc=0x000001b9d050906c relative=0x0000000000001ccc
Event: 370.637 Thread 0x000001ba25894100 Uncommon trap: reason=unstable_fused_if action=reinterpret pc=0x000001b9d050906c method=jdk.internal.math.FloatingDecimal$BinaryToASCIIBuffer.estimateDecExp(JI)I @ 78 c2
Event: 370.637 Thread 0x000001ba25894100 DEOPT PACKING pc=0x000001b9d050906c sp=0x00000036f2bfd7c0
Event: 370.637 Thread 0x000001ba25894100 DEOPT UNPACKING pc=0x000001b9cfce8282 sp=0x00000036f2bfd610 mode 2
Event: 370.637 Thread 0x000001ba25894100 Uncommon trap: trap_request=0xffffff4d fr.pc=0x000001b9d0473f08 relative=0x0000000000000628
Event: 370.637 Thread 0x000001ba25894100 Uncommon trap: reason=unstable_if action=reinterpret pc=0x000001b9d0473f08 method=java.text.DigitList.set(ZLjava/lang/String;ZZIZ)V @ 222 c2
Event: 370.637 Thread 0x000001ba25894100 DEOPT PACKING pc=0x000001b9d0473f08 sp=0x00000036f2bfd890
Event: 370.637 Thread 0x000001ba25894100 DEOPT UNPACKING pc=0x000001b9cfce8282 sp=0x00000036f2bfd818 mode 2
Event: 375.110 Thread 0x000001ba25741da0 Uncommon trap: trap_request=0xffffff66 fr.pc=0x000001b9d025fb9c relative=0x000000000000037c
Event: 375.110 Thread 0x000001ba25741da0 Uncommon trap: reason=speculate_class_check action=maybe_recompile pc=0x000001b9d025fb9c method=java.lang.Thread.isVirtual()Z @ 1 c2
Event: 375.110 Thread 0x000001ba25741da0 DEOPT PACKING pc=0x000001b9d025fb9c sp=0x00000036f2afd8f0
Event: 375.110 Thread 0x000001ba25741da0 DEOPT UNPACKING pc=0x000001b9cfce8282 sp=0x00000036f2afd7d0 mode 2
Event: 375.110 Thread 0x000001ba25741da0 Uncommon trap: trap_request=0xffffff66 fr.pc=0x000001b9d025fb9c relative=0x000000000000037c
Event: 375.110 Thread 0x000001ba25741da0 Uncommon trap: reason=speculate_class_check action=maybe_recompile pc=0x000001b9d025fb9c method=java.lang.Thread.isVirtual()Z @ 1 c2
Event: 375.110 Thread 0x000001ba25741da0 DEOPT PACKING pc=0x000001b9d025fb9c sp=0x00000036f2afd8f0
Event: 375.110 Thread 0x000001ba25741da0 DEOPT UNPACKING pc=0x000001b9cfce8282 sp=0x00000036f2afd7d0 mode 2
Event: 375.116 Thread 0x000001ba25741da0 Uncommon trap: trap_request=0xffffff66 fr.pc=0x000001b9d026f908 relative=0x0000000000000a88
Event: 375.116 Thread 0x000001ba25741da0 Uncommon trap: reason=speculate_class_check action=maybe_recompile pc=0x000001b9d026f908 method=java.lang.Thread.isVirtual()Z @ 1 c2
Event: 375.116 Thread 0x000001ba25741da0 DEOPT PACKING pc=0x000001b9d026f908 sp=0x00000036f2afdf10
Event: 375.116 Thread 0x000001ba25741da0 DEOPT UNPACKING pc=0x000001b9cfce8282 sp=0x00000036f2afdd50 mode 2

Classes loaded (20 events):
Event: 136.245 Loading class java/awt/WaitDispatchSupport$4
Event: 136.245 Loading class java/awt/WaitDispatchSupport$4 done
Event: 136.245 Loading class java/awt/WaitDispatchSupport$1
Event: 136.245 Loading class java/awt/WaitDispatchSupport$1 done
Event: 136.245 Loading class java/awt/WaitDispatchSupport$2
Event: 136.245 Loading class java/awt/WaitDispatchSupport$2 done
Event: 136.247 Loading class sun/awt/ModalExclude
Event: 136.247 Loading class sun/awt/ModalExclude done
Event: 136.256 Loading class sun/awt/image/BufImgSurfaceManager
Event: 136.256 Loading class sun/awt/image/BufImgSurfaceManager done
Event: 138.047 Loading class sun/awt/SunToolkit$1
Event: 138.048 Loading class sun/awt/SunToolkit$1 done
Event: 138.085 Loading class java/awt/Window$1DisposeAction
Event: 138.085 Loading class java/awt/Window$1DisposeAction done
Event: 173.588 Loading class java/awt/KeyboardFocusManager$2
Event: 173.588 Loading class java/awt/KeyboardFocusManager$2 done
Event: 234.587 Loading class java/awt/Canvas
Event: 234.588 Loading class java/awt/Canvas done
Event: 234.589 Loading class java/awt/Scrollbar
Event: 234.589 Loading class java/awt/Scrollbar done

Classes unloaded (0 events):
No events

Classes redefined (0 events):
No events

Internal exceptions (20 events):
Event: 0.449 Thread 0x000001b9bfb258f0 Exception <a 'java/lang/ClassNotFoundException'{0x000000071a8b67d8}: com/sun/swing/internal/plaf/basic/resources/spi/basicProvider> (0x000000071a8b67d8) 
thrown [s\open\src\hotspot\share\classfile\systemDictionary.cpp, line 327]
Event: 0.468 Thread 0x000001b9bfb258f0 Exception <a 'java/lang/NoSuchMethodError'{0x000000071a8df4b0}: 'int java.lang.invoke.Invokers$Holder.invokeExact_MT(java.lang.Object, java.lang.Object)'> (0x000000071a8df4b0) 
thrown [s\open\src\hotspot\share\interpreter\linkResolver.cpp, line 805]
Event: 0.486 Thread 0x000001ba25741da0 Exception <a 'java/lang/NoSuchMethodError'{0x000000071a9efa10}: 'void java.lang.invoke.DirectMethodHandle$Holder.invokeVirtual(java.lang.Object, java.lang.Object)'> (0x000000071a9efa10) 
thrown [s\open\src\hotspot\share\interpreter\linkResolver.cpp, line 805]
Event: 0.515 Thread 0x000001b9bfb258f0 Exception <a 'java/lang/NoSuchMethodError'{0x000000071a6143e0}: 'void java.lang.invoke.DirectMethodHandle$Holder.invokeStaticInit(java.lang.Object)'> (0x000000071a6143e0) 
thrown [s\open\src\hotspot\share\interpreter\linkResolver.cpp, line 805]
Event: 0.549 Thread 0x000001b9bfb258f0 Exception <a 'java/lang/NoSuchMethodError'{0x000000071a6491a8}: 'long java.lang.invoke.DirectMethodHandle$Holder.invokeStaticInit(java.lang.Object, long, long, long, long)'> (0x000000071a6491a8) 
thrown [s\open\src\hotspot\share\interpreter\linkResolver.cpp, line 805]
Event: 0.550 Thread 0x000001b9bfb258f0 Exception <a 'java/lang/NoSuchMethodError'{0x000000071a651bb0}: 'java.lang.Object java.lang.invoke.DirectMethodHandle$Holder.invokeInterface(java.lang.Object, java.lang.Object, long, long)'> (0x000000071a651bb0) 
thrown [s\open\src\hotspot\share\interpreter\linkResolver.cpp, line 805]
Event: 0.552 Thread 0x000001b9bfb258f0 Exception <a 'java/lang/NoSuchMethodError'{0x000000071a66a488}: 'void java.lang.invoke.DirectMethodHandle$Holder.invokeStaticInit(java.lang.Object, java.lang.Object, long, java.lang.Object)'> (0x000000071a66a488) 
thrown [s\open\src\hotspot\share\interpreter\linkResolver.cpp, line 805]
Event: 0.552 Thread 0x000001b9bfb258f0 Exception <a 'java/lang/NoSuchMethodError'{0x000000071a673070}: 'long java.lang.invoke.DirectMethodHandle$Holder.invokeStatic(java.lang.Object, long, long)'> (0x000000071a673070) 
thrown [s\open\src\hotspot\share\interpreter\linkResolver.cpp, line 805]
Event: 0.558 Thread 0x000001b9bfb258f0 Exception <a 'java/lang/NoSuchMethodError'{0x000000071a69bfe8}: 'java.lang.Object java.lang.invoke.DirectMethodHandle$Holder.newInvokeSpecial(java.lang.Object, int, java.lang.Object)'> (0x000000071a69bfe8) 
thrown [s\open\src\hotspot\share\interpreter\linkResolver.cpp, line 805]
Event: 0.760 Thread 0x000001ba25894100 Exception <a 'java/lang/NoSuchMethodError'{0x000000071a4020d0}: 'void java.lang.invoke.DelegatingMethodHandle$Holder.reinvoke_L(java.lang.Object, java.lang.Object, java.lang.Object, java.lang.Object, long, long, float)'> (0x000000071a4020d0) 
thrown [s\open\src\hotspot\share\interpreter\linkResolver.cpp, line 805]
Event: 0.762 Thread 0x000001ba25894100 Exception <a 'java/lang/NoSuchMethodError'{0x000000071a422720}: 'java.lang.Object java.lang.invoke.DirectMethodHandle$Holder.invokeStatic(java.lang.Object, java.lang.Object, java.lang.Object, java.lang.Object, java.lang.Object, long)'> (0x000000071a422720) 
thrown [s\open\src\hotspot\share\interpreter\linkResolver.cpp, line 805]
Event: 0.767 Thread 0x000001ba25894100 Exception <a 'java/lang/NoSuchMethodError'{0x000000071a465e98}: 'float java.lang.invoke.DelegatingMethodHandle$Holder.reinvoke_L(java.lang.Object, java.lang.Object, java.lang.Object, java.lang.Object, long, long)'> (0x000000071a465e98) 
thrown [s\open\src\hotspot\share\interpreter\linkResolver.cpp, line 805]
Event: 3.119 Thread 0x000001ba25894100 Implicit null exception at 0x000001b9d01fe2ef to 0x000001b9d01feb24
Event: 25.021 Thread 0x000001ba25894100 Implicit null exception at 0x000001b9d029da5f to 0x000001b9d029e710
Event: 136.179 Thread 0x000001ba25894100 Implicit null exception at 0x000001b9d0273aea to 0x000001b9d0273b35
Event: 136.243 Thread 0x000001ba25894100 Exception <a 'java/lang/NoSuchMethodError'{0x0000000716b3b540}: 'int java.lang.invoke.DirectMethodHandle$Holder.invokeStatic(java.lang.Object)'> (0x0000000716b3b540) 
thrown [s\open\src\hotspot\share\interpreter\linkResolver.cpp, line 805]
Event: 136.255 Thread 0x000001ba25894100 Implicit null exception at 0x000001b9d033631b to 0x000001b9d033781c
Event: 136.256 Thread 0x000001ba25894100 Implicit null exception at 0x000001b9d02f515a to 0x000001b9d02f53a4
Event: 138.103 Thread 0x000001ba25894100 Implicit null exception at 0x000001b9d020302e to 0x000001b9d02032ac
Event: 238.086 Thread 0x000001ba25894100 Implicit null exception at 0x000001b9d0485d98 to 0x000001b9d0488e9c

VM Operations (20 events):
Event: 305.482 Executing VM operation: G1CollectForAllocation (G1 Evacuation Pause)
Event: 305.485 Executing VM operation: G1CollectForAllocation (G1 Evacuation Pause) done
Event: 315.152 Executing VM operation: G1CollectForAllocation (G1 Evacuation Pause)
Event: 315.157 Executing VM operation: G1CollectForAllocation (G1 Evacuation Pause) done
Event: 324.842 Executing VM operation: G1CollectForAllocation (G1 Evacuation Pause)
Event: 324.846 Executing VM operation: G1CollectForAllocation (G1 Evacuation Pause) done
Event: 334.431 Executing VM operation: G1CollectForAllocation (G1 Evacuation Pause)
Event: 334.435 Executing VM operation: G1CollectForAllocation (G1 Evacuation Pause) done
Event: 344.207 Executing VM operation: G1CollectForAllocation (G1 Evacuation Pause)
Event: 344.210 Executing VM operation: G1CollectForAllocation (G1 Evacuation Pause) done
Event: 353.798 Executing VM operation: G1CollectForAllocation (G1 Evacuation Pause)
Event: 353.802 Executing VM operation: G1CollectForAllocation (G1 Evacuation Pause) done
Event: 360.805 Executing VM operation: HandshakeAllThreads (HandshakeForDeflation)
Event: 360.805 Executing VM operation: HandshakeAllThreads (HandshakeForDeflation) done
Event: 360.805 Executing VM operation: RendezvousGCThreads
Event: 360.805 Executing VM operation: RendezvousGCThreads done
Event: 363.279 Executing VM operation: G1CollectForAllocation (G1 Evacuation Pause)
Event: 363.285 Executing VM operation: G1CollectForAllocation (G1 Evacuation Pause) done
Event: 372.955 Executing VM operation: G1CollectForAllocation (G1 Evacuation Pause)
Event: 372.959 Executing VM operation: G1CollectForAllocation (G1 Evacuation Pause) done

Memory protections (0 events):
No events

Nmethod flushes (0 events):
No events

Events (20 events):
Event: 0.296 Thread 0x000001b9bfb258f0 Thread added: 0x000001ba254b74b0
Event: 0.297 Thread 0x000001b9bfb258f0 Thread added: 0x000001ba25741da0
Event: 0.485 Thread 0x000001ba25741da0 Thread added: 0x000001ba25894100
Event: 1.035 Thread 0x000001b9dff401d0 Thread added: 0x000001ba25a43880
Event: 1.070 Thread 0x000001b9dff401d0 Thread added: 0x000001ba25a7c5d0
Event: 1.220 Thread 0x000001b9bfb258f0 Thread added: 0x000001ba25a5fe10
Event: 1.317 Thread 0x000001b9bfb258f0 Thread exited: 0x000001b9bfb258f0
Event: 1.317 Thread 0x000001b9bfb258f0 Thread added: 0x000001b9bfb258f0
Event: 1.391 Thread 0x000001ba25a7c5d0 Thread exited: 0x000001ba25a7c5d0
Event: 1.391 Thread 0x000001ba25a43880 Thread exited: 0x000001ba25a43880
Event: 5.035 Thread 0x000001b9dff401d0 Thread added: 0x000001ba279e80e0
Event: 6.208 Thread 0x000001ba279e80e0 Thread exited: 0x000001ba279e80e0
Event: 17.861 Thread 0x000001b9dff401d0 Thread added: 0x000001ba256bfa80
Event: 18.127 Thread 0x000001ba256bfa80 Thread exited: 0x000001ba256bfa80
Event: 26.397 Thread 0x000001b9dff3a2d0 Thread added: 0x000001ba257febb0
Event: 26.547 Thread 0x000001ba257febb0 Thread exited: 0x000001ba257febb0
Event: 136.147 Thread 0x000001ba25894100 Thread added: 0x000001ba252bf6d0
Event: 136.416 Thread 0x000001b9dff401d0 Thread added: 0x000001ba25aa4a90
Event: 136.611 Thread 0x000001ba25aa4a90 Thread exited: 0x000001ba25aa4a90
Event: 141.157 Thread 0x000001ba252bf6d0 Thread exited: 0x000001ba252bf6d0


Dynamic libraries:
0x00007ff60e750000 - 0x00007ff60e75e000 	C:\Users\finn.broedner\.jdks\openjdk-24\bin\java.exe
0x00007fff3a680000 - 0x00007fff3a8e0000 	C:\WINDOWS\SYSTEM32\ntdll.dll
0x00007fff39960000 - 0x00007fff39a27000 	C:\WINDOWS\System32\KERNEL32.DLL
0x00007fff37990000 - 0x00007fff37d5a000 	C:\WINDOWS\System32\KERNELBASE.dll
0x00007ffe89f60000 - 0x00007ffe89f76000 	C:\Users\finn.broedner\.jdks\openjdk-24\bin\jli.dll
0x00007ffe89f40000 - 0x00007ffe89f5b000 	C:\Users\finn.broedner\.jdks\openjdk-24\bin\VCRUNTIME140.dll
0x00007fff37ed0000 - 0x00007fff3801b000 	C:\WINDOWS\System32\ucrtbase.dll
0x00007fff38620000 - 0x00007fff387ec000 	C:\WINDOWS\System32\USER32.dll
0x00007fff24630000 - 0x00007fff248c7000 	C:\WINDOWS\WinSxS\amd64_microsoft.windows.common-controls_6595b64144ccf1df_6.0.26100.3624_none_3e086962e3345f24\COMCTL32.dll
0x00007fff38020000 - 0x00007fff38047000 	C:\WINDOWS\System32\win32u.dll
0x00007fff39a30000 - 0x00007fff39ad9000 	C:\WINDOWS\System32\msvcrt.dll
0x00007fff387f0000 - 0x00007fff3881a000 	C:\WINDOWS\System32\GDI32.dll
0x00007fff38050000 - 0x00007fff38181000 	C:\WINDOWS\System32\gdi32full.dll
0x00007fff37d60000 - 0x00007fff37e03000 	C:\WINDOWS\System32\msvcp_win.dll
0x00007fff391f0000 - 0x00007fff3921f000 	C:\WINDOWS\System32\IMM32.DLL
0x00007fff37560000 - 0x00007fff376ac000 	C:\Program Files\Avecto\Privilege Guard Client\PGHook.dll
0x00007fff39c50000 - 0x00007fff39d02000 	C:\WINDOWS\System32\ADVAPI32.dll
0x00007fff39470000 - 0x00007fff39516000 	C:\WINDOWS\System32\sechost.dll
0x00007fff3a1a0000 - 0x00007fff3a2b6000 	C:\WINDOWS\System32\RPCRT4.dll
0x00007ffef60c0000 - 0x00007ffef60cc000 	C:\Users\finn.broedner\.jdks\openjdk-24\bin\vcruntime140_1.dll
0x00007ffe89eb0000 - 0x00007ffe89f3e000 	C:\Users\finn.broedner\.jdks\openjdk-24\bin\msvcp140.dll
0x00007ffe55ef0000 - 0x00007ffe56c92000 	C:\Users\finn.broedner\.jdks\openjdk-24\bin\server\jvm.dll
0x00007fff3a550000 - 0x00007fff3a5c4000 	C:\WINDOWS\System32\WS2_32.dll
0x00007fff376d0000 - 0x00007fff3772e000 	C:\WINDOWS\SYSTEM32\POWRPROF.dll
0x00007fff33c30000 - 0x00007fff33c66000 	C:\WINDOWS\SYSTEM32\WINMM.dll
0x00007fff2cee0000 - 0x00007fff2ceeb000 	C:\WINDOWS\SYSTEM32\VERSION.dll
0x00007fff376b0000 - 0x00007fff376c4000 	C:\WINDOWS\SYSTEM32\UMPDC.dll
0x00007fff36360000 - 0x00007fff3637a000 	C:\WINDOWS\SYSTEM32\kernel.appcore.dll
0x00007ffef3450000 - 0x00007ffef345a000 	C:\Users\finn.broedner\.jdks\openjdk-24\bin\jimage.dll
0x00007fff34aa0000 - 0x00007fff34ce1000 	C:\WINDOWS\SYSTEM32\DBGHELP.DLL
0x00007fff39520000 - 0x00007fff398a2000 	C:\WINDOWS\System32\combase.dll
0x00007fff39ae0000 - 0x00007fff39bb6000 	C:\WINDOWS\System32\OLEAUT32.dll
0x00007fff23640000 - 0x00007fff23679000 	C:\WINDOWS\SYSTEM32\dbgcore.DLL
0x00007fff37860000 - 0x00007fff378f9000 	C:\WINDOWS\System32\bcryptPrimitives.dll
0x00007ffed1ff0000 - 0x00007ffed1fff000 	C:\Users\finn.broedner\.jdks\openjdk-24\bin\instrument.dll
0x00007ffe89e90000 - 0x00007ffe89eae000 	C:\Users\finn.broedner\.jdks\openjdk-24\bin\java.dll
0x00007fff38480000 - 0x00007fff38616000 	C:\WINDOWS\System32\ole32.dll
0x00007fff38ac0000 - 0x00007fff391e9000 	C:\WINDOWS\System32\SHELL32.dll
0x00007fff38190000 - 0x00007fff382f8000 	C:\WINDOWS\System32\wintypes.dll
0x00007fff35190000 - 0x00007fff359e2000 	C:\WINDOWS\SYSTEM32\windows.storage.dll
0x00007fff3a350000 - 0x00007fff3a43d000 	C:\WINDOWS\System32\SHCORE.dll
0x00007fff3a5d0000 - 0x00007fff3a634000 	C:\WINDOWS\System32\shlwapi.dll
0x00007fff37770000 - 0x00007fff3779f000 	C:\WINDOWS\SYSTEM32\profapi.dll
0x00007ffe7c590000 - 0x00007ffe7c667000 	C:\Users\finn.broedner\.jdks\openjdk-24\bin\jsvml.dll
0x00007ffe89e50000 - 0x00007ffe89e67000 	C:\Users\finn.broedner\.jdks\openjdk-24\bin\zip.dll
0x00007ffee2060000 - 0x00007ffee2070000 	C:\Users\finn.broedner\.jdks\openjdk-24\bin\net.dll
0x00007fff369e0000 - 0x00007fff36a4a000 	C:\WINDOWS\system32\mswsock.dll
0x00007ffe89e70000 - 0x00007ffe89e86000 	C:\Users\finn.broedner\.jdks\openjdk-24\bin\nio.dll
0x00007ffec7ff0000 - 0x00007ffec7ff9000 	C:\Users\finn.broedner\.jdks\openjdk-24\bin\extnet.dll
0x00007ffe55d70000 - 0x00007ffe55eee000 	C:\Users\finn.broedner\.jdks\openjdk-24\bin\awt.dll
0x00007fff33a80000 - 0x00007fff33b1c000 	C:\WINDOWS\SYSTEM32\apphelp.dll
0x00007fff344b0000 - 0x00007fff344e6000 	C:\WINDOWS\system32\DWMAPI.DLL
0x00007fff34140000 - 0x00007fff341ee000 	C:\WINDOWS\system32\uxtheme.dll
0x00007ffea79b0000 - 0x00007ffea7abc000 	C:\WINDOWS\system32\opengl32.dll
0x00007ffebf250000 - 0x00007ffebf27d000 	C:\WINDOWS\SYSTEM32\GLU32.dll
0x00007fff342e0000 - 0x00007fff34327000 	C:\WINDOWS\SYSTEM32\dxcore.dll
0x00007fff39230000 - 0x00007fff3938d000 	C:\WINDOWS\System32\MSCTF.dll
0x00007ffe7bdd0000 - 0x00007ffe7be57000 	C:\Users\finn.broedner\.jdks\openjdk-24\bin\freetype.dll
0x00007ffe55c90000 - 0x00007ffe55d67000 	C:\Users\finn.broedner\.jdks\openjdk-24\bin\fontmanager.dll
0x00007fff1c030000 - 0x00007fff1c179000 	C:\WINDOWS\SYSTEM32\textinputframework.dll
0x00007ffeee5a0000 - 0x00007ffeee60b000 	C:\WINDOWS\system32\Oleacc.dll
0x00007fff398b0000 - 0x00007fff39958000 	C:\WINDOWS\System32\clbcatq.dll
0x00007ffefd150000 - 0x00007ffefd1ac000 	C:\WINDOWS\system32\ApplicationTargetedFeatureDatabase.dll
0x00007fff26ca0000 - 0x00007fff26edb000 	C:\Windows\System32\twinapi.appcore.dll
0x00007fff33120000 - 0x00007fff33246000 	C:\WINDOWS\SYSTEM32\CoreMessaging.dll
0x00007fff2fc70000 - 0x00007fff2ff53000 	C:\WINDOWS\SYSTEM32\CoreUIComponents.dll
0x00007fff36d70000 - 0x00007fff36d7c000 	C:\WINDOWS\SYSTEM32\CRYPTBASE.DLL

dbghelp: loaded successfully - version: 4.0.5 - missing functions: none
symbol engine: initialized successfully - sym options: 0x614 - pdb path: .;C:\Users\finn.broedner\.jdks\openjdk-24\bin;C:\WINDOWS\SYSTEM32;C:\WINDOWS\WinSxS\amd64_microsoft.windows.common-controls_6595b64144ccf1df_6.0.26100.3624_none_3e086962e3345f24;C:\Program Files\Avecto\Privilege Guard Client;C:\Users\finn.broedner\.jdks\openjdk-24\bin\server

VM Arguments:
jvm_args: -javaagent:C:\Program Files\JetBrains\IntelliJ IDEA Community Edition 2024.3.5\lib\idea_rt.jar=50377 -Dfile.encoding=UTF-8 -Dsun.stdout.encoding=UTF-8 -Dsun.stderr.encoding=UTF-8 
java_command: Main
java_class_path (initial): C:\Users\finn.broedner\Desktop\Programmierung Projekte\Universal Paperclips\out\production\Universal Paperclips
Launcher Type: SUN_STANDARD

[Global flags]
     intx CICompilerCount                          = 4                                         {product} {ergonomic}
     uint ConcGCThreads                            = 3                                         {product} {ergonomic}
     uint G1ConcRefinementThreads                  = 11                                        {product} {ergonomic}
   size_t G1HeapRegionSize                         = 2097152                                   {product} {ergonomic}
   size_t InitialHeapSize                          = 257949696                                 {product} {ergonomic}
   size_t MarkStackSize                            = 4194304                                   {product} {ergonomic}
   size_t MarkStackSizeMax                         = 536870912                                 {product} {ergonomic}
   size_t MaxHeapSize                              = 4097835008                                {product} {ergonomic}
   size_t MaxNewSize                               = 2457862144                                {product} {ergonomic}
   size_t MinHeapDeltaBytes                        = 2097152                                   {product} {ergonomic}
   size_t MinHeapSize                              = 8388608                                   {product} {ergonomic}
    uintx NonNMethodCodeHeapSize                   = 5832704                                {pd product} {ergonomic}
    uintx NonProfiledCodeHeapSize                  = 122945536                              {pd product} {ergonomic}
    uintx ProfiledCodeHeapSize                     = 122880000                              {pd product} {ergonomic}
    uintx ReservedCodeCacheSize                    = 251658240                              {pd product} {ergonomic}
     bool SegmentedCodeCache                       = true                                      {product} {ergonomic}
   size_t SoftMaxHeapSize                          = 4097835008                             {manageable} {ergonomic}
     bool UseCompressedOops                        = true                           {product lp64_product} {ergonomic}
     bool UseG1GC                                  = true                                      {product} {ergonomic}
     bool UseLargePagesIndividualAllocation        = false                                  {pd product} {ergonomic}

Logging:
Log output configuration:
 #0: stdout all=warning uptime,level,tags foldmultilines=false
 #1: stderr all=off uptime,level,tags foldmultilines=false

Environment Variables:
PATH=C:\WINDOWS\system32;C:\WINDOWS;C:\WINDOWS\System32\Wbem;C:\WINDOWS\System32\WindowsPowerShell\v1.0\;C:\WINDOWS\System32\OpenSSH\;C:\Program Files\CenterTools\DriveLock\;C:\Program Files\dotnet\;C:\Users\finn.broedner\AppData\Local\Microsoft\WindowsApps;C:\Users\finn.broedner\AppData\Local\Programs\Git\cmd
USERNAME=finn.broedner
OS=Windows_NT
PROCESSOR_IDENTIFIER=Intel64 Family 6 Model 170 Stepping 4, GenuineIntel
TMP=C:\Users\FINN~1.BRO\AppData\Local\Temp
TEMP=C:\Users\FINN~1.BRO\AppData\Local\Temp




Periodic native trim disabled

---------------  S Y S T E M  ---------------

OS:
 Windows 11 , 64 bit Build 26100 (10.0.26100.3775)
OS uptime: 0 days 0:10 hours
Hyper-V role detected

CPU: total 14 (initial active 14) (7 cores per cpu, 2 threads per core) family 6 model 170 stepping 4 microcode 0x1c, cx8, cmov, fxsr, ht, mmx, 3dnowpref, sse, sse2, sse3, ssse3, sse4.1, sse4.2, popcnt, lzcnt, tsc, tscinvbit, avx, avx2, aes, erms, clmul, bmi1, bmi2, adx, sha, fma, vzeroupper, clflush, clflushopt, clwb, hv, serialize, rdtscp, rdpid, fsrm, gfni, f16c, cet_ibt, cet_ss
Processor Information for processor 0
  Max Mhz: 1300, Current Mhz: 1300, Mhz Limit: 1300
Processor Information for processor 1
  Max Mhz: 1300, Current Mhz: 1300, Mhz Limit: 1300
Processor Information for processor 2
  Max Mhz: 800, Current Mhz: 800, Mhz Limit: 800
Processor Information for processor 3
  Max Mhz: 800, Current Mhz: 800, Mhz Limit: 800
Processor Information for processor 4
  Max Mhz: 800, Current Mhz: 800, Mhz Limit: 800
Processor Information for processor 5
  Max Mhz: 800, Current Mhz: 800, Mhz Limit: 800
Processor Information for processor 6
  Max Mhz: 800, Current Mhz: 800, Mhz Limit: 800
Processor Information for processor 7
  Max Mhz: 800, Current Mhz: 800, Mhz Limit: 800
Processor Information for processor 8
  Max Mhz: 800, Current Mhz: 800, Mhz Limit: 800
Processor Information for processor 9
  Max Mhz: 800, Current Mhz: 800, Mhz Limit: 800
Processor Information for processor 10
  Max Mhz: 1300, Current Mhz: 1300, Mhz Limit: 1300
Processor Information for processor 11
  Max Mhz: 1300, Current Mhz: 1300, Mhz Limit: 1300
Processor Information for processor 12
  Max Mhz: 700, Current Mhz: 700, Mhz Limit: 700
Processor Information for processor 13
  Max Mhz: 700, Current Mhz: 700, Mhz Limit: 700

Memory: 4k page, system-wide physical 15624M (3153M free)
TotalPageFile size 23816M (AvailPageFile size 9811M)
current process WorkingSet (physical memory assigned to process): 302M, peak: 303M
current process commit charge ("private bytes"): 380M, peak: 407M

vm_info: OpenJDK 64-Bit Server VM (24+36-3646) for windows-amd64 JRE (24+36-3646), built on 2025-02-06T00:20:43Z with MS VC++ 17.6 (VS2022)

END.
